#
# There is insufficient memory for the Java Runtime Environment to continue.
# Native memory allocation (mmap) failed to map 56250368 bytes for committing reserved memory.
# Possible reasons:
#   The system is out of physical RAM or swap space
#   In 32 bit mode, the process size limit was hit
# Possible solutions:
#   Reduce memory load on the system
#   Increase physical memory or swap space
#   Check if swap backing store is full
#   Use 64 bit Java on a 64 bit OS
#   Decrease Java heap size (-Xmx/-Xms)
#   Decrease number of Java threads
#   Decrease Java thread stack sizes (-Xss)
#   Set larger code cache with -XX:ReservedCodeCacheSize=
# This output file may be truncated or incomplete.
#
#  Out of Memory Error (os_linux.cpp:2630), pid=27778, tid=0x00007f65f5c8f700
#
# JRE version: OpenJDK Runtime Environment (8.0_121-b13) (build 1.8.0_121-8u121-b13-0ubuntu1.16.04.2-b13)
# Java VM: OpenJDK 64-Bit Server VM (25.121-b13 mixed mode linux-amd64 compressed oops)
# Failed to write core dump. Core dumps have been disabled. To enable core dumping, try "ulimit -c unlimited" before starting Java again
#

---------------  T H R E A D  ---------------

Current thread (0x00007f65f006e000):  VMThread [stack: 0x00007f65f5b8f000,0x00007f65f5c90000] [id=27789]

Stack: [0x00007f65f5b8f000,0x00007f65f5c90000],  sp=0x00007f65f5c8e510,  free space=1021k
Native frames: (J=compiled Java code, j=interpreted, Vv=VM code, C=native code)
V  [libjvm.so+0xa6647b]
V  [libjvm.so+0x4c32dc]
V  [libjvm.so+0x8b4b60]
V  [libjvm.so+0x8aefde]
V  [libjvm.so+0xa62d74]
V  [libjvm.so+0x5c9180]
V  [libjvm.so+0x5c8efe]
V  [libjvm.so+0x5b57b8]
V  [libjvm.so+0x44af7f]
V  [libjvm.so+0xa67581]
V  [libjvm.so+0xa6d217]
V  [libjvm.so+0xa6a9e7]
V  [libjvm.so+0xa6be6f]
V  [libjvm.so+0xa6c361]
V  [libjvm.so+0x8b2042]

VM_Operation (0x00007f65c02ecc80): GenCollectForAllocation, mode: safepoint, requested by thread 0x00007f65d021c000


---------------  P R O C E S S  ---------------

Java Threads: ( => current thread )
  0x00007f65d0515800 JavaThread "LoadTest 1-100" [_thread_blocked, id=28128, stack(0x00007f65bac9b000,0x00007f65bad9c000)]
  0x00007f65d0513800 JavaThread "LoadTest 1-99" [_thread_blocked, id=28127, stack(0x00007f65bad9c000,0x00007f65bae9d000)]
  0x00007f65d0512000 JavaThread "LoadTest 1-98" [_thread_blocked, id=28126, stack(0x00007f65bae9d000,0x00007f65baf9e000)]
  0x00007f65d0510800 JavaThread "LoadTest 1-97" [_thread_blocked, id=28125, stack(0x00007f65baf9e000,0x00007f65bb09f000)]
  0x00007f65d0a26000 JavaThread "LoadTest 1-96" [_thread_blocked, id=28124, stack(0x00007f65bb09f000,0x00007f65bb1a0000)]
  0x00007f65d0a24000 JavaThread "LoadTest 1-95" [_thread_blocked, id=28123, stack(0x00007f65bb1a0000,0x00007f65bb2a1000)]
  0x00007f65d0323800 JavaThread "LoadTest 1-94" [_thread_blocked, id=28122, stack(0x00007f65bb2a1000,0x00007f65bb3a2000)]
  0x00007f65d0321800 JavaThread "LoadTest 1-93" [_thread_blocked, id=28121, stack(0x00007f65bb3a2000,0x00007f65bb4a3000)]
  0x00007f65d0a21800 JavaThread "LoadTest 1-92" [_thread_blocked, id=28120, stack(0x00007f65bb4a3000,0x00007f65bb5a4000)]
  0x00007f65d0a20000 JavaThread "LoadTest 1-91" [_thread_blocked, id=28119, stack(0x00007f65bb5a4000,0x00007f65bb6a5000)]
  0x00007f65d0327000 JavaThread "LoadTest 1-90" [_thread_blocked, id=28118, stack(0x00007f65bb6a5000,0x00007f65bb7a6000)]
  0x00007f65d0325000 JavaThread "LoadTest 1-89" [_thread_blocked, id=28117, stack(0x00007f65bb7a6000,0x00007f65bb8a7000)]
  0x00007f65d078d000 JavaThread "LoadTest 1-88" [_thread_blocked, id=28116, stack(0x00007f65bb8a7000,0x00007f65bb9a8000)]
  0x00007f65d078b000 JavaThread "LoadTest 1-87" [_thread_blocked, id=28115, stack(0x00007f65bb9a8000,0x00007f65bbaa9000)]
  0x00007f65d0789000 JavaThread "LoadTest 1-86" [_thread_blocked, id=28114, stack(0x00007f65bbaa9000,0x00007f65bbbaa000)]
  0x00007f65d0787800 JavaThread "LoadTest 1-85" [_thread_blocked, id=28113, stack(0x00007f65bbbaa000,0x00007f65bbcab000)]
  0x00007f65d0061800 JavaThread "LoadTest 1-84" [_thread_blocked, id=28112, stack(0x00007f65bbcab000,0x00007f65bbdac000)]
  0x00007f65d005f800 JavaThread "LoadTest 1-83" [_thread_blocked, id=28111, stack(0x00007f65bbdac000,0x00007f65bbead000)]
  0x00007f65d005e000 JavaThread "LoadTest 1-82" [_thread_blocked, id=28110, stack(0x00007f65bbead000,0x00007f65bbfae000)]
  0x00007f65d005c000 JavaThread "LoadTest 1-81" [_thread_blocked, id=28109, stack(0x00007f65bbfae000,0x00007f65bc0af000)]
  0x00007f65d05c6800 JavaThread "LoadTest 1-80" [_thread_blocked, id=28108, stack(0x00007f65bc0af000,0x00007f65bc1b0000)]
  0x00007f65d05c4800 JavaThread "LoadTest 1-79" [_thread_blocked, id=28107, stack(0x00007f65bc1b0000,0x00007f65bc2b1000)]
  0x00007f65d05c2800 JavaThread "LoadTest 1-78" [_thread_blocked, id=28106, stack(0x00007f65bc2b1000,0x00007f65bc3b2000)]
  0x00007f65d05c0800 JavaThread "LoadTest 1-77" [_thread_blocked, id=28105, stack(0x00007f65bc3b2000,0x00007f65bc4b3000)]
  0x00007f65d0217000 JavaThread "LoadTest 1-76" [_thread_blocked, id=28104, stack(0x00007f65bc4b3000,0x00007f65bc5b4000)]
  0x00007f65d0215800 JavaThread "LoadTest 1-75" [_thread_blocked, id=28103, stack(0x00007f65bc5b4000,0x00007f65bc6b5000)]
  0x00007f65d0214000 JavaThread "LoadTest 1-74" [_thread_blocked, id=28102, stack(0x00007f65bc6b5000,0x00007f65bc7b6000)]
  0x00007f65d0507000 JavaThread "LoadTest 1-73" [_thread_blocked, id=28101, stack(0x00007f65bc7b6000,0x00007f65bc8b7000)]
  0x00007f65d0823800 JavaThread "LoadTest 1-72" [_thread_blocked, id=28100, stack(0x00007f65bc8b7000,0x00007f65bc9b8000)]
  0x00007f65d0821800 JavaThread "LoadTest 1-71" [_thread_blocked, id=28099, stack(0x00007f65bc9b8000,0x00007f65bcab9000)]
  0x00007f65d05b6800 JavaThread "LoadTest 1-70" [_thread_blocked, id=28098, stack(0x00007f65bcab9000,0x00007f65bcbba000)]
  0x00007f65d0358000 JavaThread "LoadTest 1-69" [_thread_blocked, id=28097, stack(0x00007f65bcbba000,0x00007f65bccbb000)]
  0x00007f65d0356000 JavaThread "LoadTest 1-68" [_thread_blocked, id=28096, stack(0x00007f65bccbb000,0x00007f65bcdbc000)]
  0x00007f65d0354000 JavaThread "LoadTest 1-67" [_thread_blocked, id=28095, stack(0x00007f65bcdbc000,0x00007f65bcebd000)]
  0x00007f65d094d000 JavaThread "LoadTest 1-66" [_thread_blocked, id=28094, stack(0x00007f65bcebd000,0x00007f65bcfbe000)]
  0x00007f65d0ba0800 JavaThread "LoadTest 1-65" [_thread_blocked, id=28093, stack(0x00007f65bcfbe000,0x00007f65bd0bf000)]
  0x00007f65d0b9f000 JavaThread "LoadTest 1-64" [_thread_blocked, id=28092, stack(0x00007f65bd0bf000,0x00007f65bd1c0000)]
  0x00007f65d0a05800 JavaThread "LoadTest 1-63" [_thread_blocked, id=28091, stack(0x00007f65bd1c0000,0x00007f65bd2c1000)]
  0x00007f65d0a03800 JavaThread "LoadTest 1-62" [_thread_blocked, id=28090, stack(0x00007f65bd2c1000,0x00007f65bd3c2000)]
  0x00007f65d0a02000 JavaThread "LoadTest 1-61" [_thread_blocked, id=28089, stack(0x00007f65bd3c2000,0x00007f65bd4c3000)]
  0x00007f65d0aca800 JavaThread "LoadTest 1-60" [_thread_blocked, id=28088, stack(0x00007f65bd4c3000,0x00007f65bd5c4000)]
  0x00007f65d0b06000 JavaThread "LoadTest 1-59" [_thread_blocked, id=28087, stack(0x00007f65bd5c4000,0x00007f65bd6c5000)]
  0x00007f65d0b04000 JavaThread "LoadTest 1-58" [_thread_blocked, id=28086, stack(0x00007f65bd6c5000,0x00007f65bd7c6000)]
  0x00007f65d0b02800 JavaThread "LoadTest 1-57" [_thread_blocked, id=28085, stack(0x00007f65bd7c6000,0x00007f65bd8c7000)]
  0x00007f65d0b00800 JavaThread "LoadTest 1-56" [_thread_blocked, id=28084, stack(0x00007f65bd8c7000,0x00007f65bd9c8000)]
  0x00007f65d00e7000 JavaThread "LoadTest 1-55" [_thread_blocked, id=28083, stack(0x00007f65bd9c8000,0x00007f65bdac9000)]
  0x00007f65d00e5800 JavaThread "LoadTest 1-54" [_thread_blocked, id=28082, stack(0x00007f65bdac9000,0x00007f65bdbca000)]
  0x00007f65d0acc800 JavaThread "LoadTest 1-53" [_thread_blocked, id=28081, stack(0x00007f65bdbca000,0x00007f65bdccb000)]
  0x00007f65d09d5000 JavaThread "LoadTest 1-52" [_thread_blocked, id=28080, stack(0x00007f65bdccb000,0x00007f65bddcc000)]
  0x00007f65d00e3800 JavaThread "LoadTest 1-51" [_thread_blocked, id=28079, stack(0x00007f65bdfcc000,0x00007f65be0cd000)]
  0x00007f65d00e3000 JavaThread "LoadTest 1-50" [_thread_blocked, id=28078, stack(0x00007f65be0cd000,0x00007f65be1ce000)]
  0x00007f65d00e0800 JavaThread "LoadTest 1-49" [_thread_blocked, id=28077, stack(0x00007f65be1ce000,0x00007f65be2cf000)]
  0x00007f65d00e0000 JavaThread "LoadTest 1-48" [_thread_blocked, id=28076, stack(0x00007f65be2cf000,0x00007f65be3d0000)]
  0x00007f65d03e9000 JavaThread "LoadTest 1-47" [_thread_blocked, id=28075, stack(0x00007f65be3d0000,0x00007f65be4d1000)]
  0x00007f65d03e8000 JavaThread "LoadTest 1-46" [_thread_blocked, id=28074, stack(0x00007f65be4d1000,0x00007f65be5d2000)]
  0x00007f65d03e6800 JavaThread "LoadTest 1-45" [_thread_blocked, id=28073, stack(0x00007f65be5d2000,0x00007f65be6d3000)]
  0x00007f65d03e5000 JavaThread "LoadTest 1-44" [_thread_blocked, id=28072, stack(0x00007f65be6d3000,0x00007f65be7d4000)]
  0x00007f65d03e4000 JavaThread "LoadTest 1-43" [_thread_blocked, id=28071, stack(0x00007f65be7d4000,0x00007f65be8d5000)]
  0x00007f65d0164800 JavaThread "LoadTest 1-42" [_thread_blocked, id=28070, stack(0x00007f65be8d5000,0x00007f65be9d6000)]
  0x00007f65d0163000 JavaThread "LoadTest 1-41" [_thread_blocked, id=28069, stack(0x00007f65be9d6000,0x00007f65bead7000)]
  0x00007f65d0161800 JavaThread "LoadTest 1-40" [_thread_blocked, id=28068, stack(0x00007f65c03f0000,0x00007f65c04f1000)]
  0x00007f65d0160000 JavaThread "LoadTest 1-39" [_thread_blocked, id=28067, stack(0x00007f65c12fd000,0x00007f65c13fe000)]
  0x00007f65d015f000 JavaThread "LoadTest 1-38" [_thread_blocked, id=28066, stack(0x00007f65bead7000,0x00007f65bebd8000)]
  0x00007f65d015d800 JavaThread "LoadTest 1-37" [_thread_blocked, id=28065, stack(0x00007f65bebd8000,0x00007f65becd9000)]
  0x00007f65d043a000 JavaThread "LoadTest 1-36" [_thread_blocked, id=28064, stack(0x00007f65becd9000,0x00007f65bedda000)]
  0x00007f65d0438800 JavaThread "LoadTest 1-35" [_thread_blocked, id=28063, stack(0x00007f65bedda000,0x00007f65beedb000)]
  0x00007f65d0437800 JavaThread "LoadTest 1-34" [_thread_blocked, id=28062, stack(0x00007f65beedb000,0x00007f65befdc000)]
  0x00007f65d0436000 JavaThread "LoadTest 1-33" [_thread_blocked, id=28061, stack(0x00007f65befdc000,0x00007f65bf0dd000)]
  0x00007f65d0435000 JavaThread "LoadTest 1-32" [_thread_blocked, id=28060, stack(0x00007f65bf0dd000,0x00007f65bf1de000)]
  0x00007f65d0434000 JavaThread "LoadTest 1-31" [_thread_blocked, id=28059, stack(0x00007f65bf1de000,0x00007f65bf2df000)]
  0x00007f65d0433000 JavaThread "LoadTest 1-30" [_thread_blocked, id=28058, stack(0x00007f65bf2df000,0x00007f65bf3e0000)]
  0x00007f65d0342000 JavaThread "LoadTest 1-29" [_thread_blocked, id=28057, stack(0x00007f65bf3e0000,0x00007f65bf4e1000)]
  0x00007f65d0341000 JavaThread "LoadTest 1-28" [_thread_blocked, id=28056, stack(0x00007f65bf4e1000,0x00007f65bf5e2000)]
  0x00007f65d033e800 JavaThread "LoadTest 1-27" [_thread_blocked, id=28055, stack(0x00007f65bf5e2000,0x00007f65bf6e3000)]
  0x00007f65d033d800 JavaThread "LoadTest 1-26" [_thread_blocked, id=28054, stack(0x00007f65bf6e3000,0x00007f65bf7e4000)]
  0x00007f65d033c800 JavaThread "LoadTest 1-25" [_thread_blocked, id=28053, stack(0x00007f65c2cc2000,0x00007f65c2dc3000)]
  0x00007f65d033b800 JavaThread "LoadTest 1-24" [_thread_blocked, id=28052, stack(0x00007f65bf7e4000,0x00007f65bf8e5000)]
  0x00007f65d0441800 JavaThread "LoadTest 1-23" [_thread_blocked, id=28051, stack(0x00007f65bf8e5000,0x00007f65bf9e6000)]
  0x00007f65d0440800 JavaThread "LoadTest 1-22" [_thread_blocked, id=28050, stack(0x00007f65bf9e6000,0x00007f65bfae7000)]
  0x00007f65d043e000 JavaThread "LoadTest 1-21" [_thread_blocked, id=28049, stack(0x00007f65bfae7000,0x00007f65bfbe8000)]
  0x00007f65d043d000 JavaThread "LoadTest 1-20" [_thread_blocked, id=28048, stack(0x00007f65bfbe8000,0x00007f65bfce9000)]
  0x00007f65d043c000 JavaThread "LoadTest 1-19" [_thread_blocked, id=28047, stack(0x00007f65bfce9000,0x00007f65bfdea000)]
  0x00007f65d043b000 JavaThread "LoadTest 1-18" [_thread_blocked, id=28046, stack(0x00007f65bfdea000,0x00007f65bfeeb000)]
  0x00007f65d021f800 JavaThread "LoadTest 1-17" [_thread_blocked, id=28045, stack(0x00007f65bfeeb000,0x00007f65bffec000)]
  0x00007f65d021e000 JavaThread "LoadTest 1-16" [_thread_blocked, id=28044, stack(0x00007f65bffec000,0x00007f65c00ed000)]
  0x00007f65d021d000 JavaThread "LoadTest 1-15" [_thread_blocked, id=28043, stack(0x00007f65c00ed000,0x00007f65c01ee000)]
  0x00007f65d021c000 JavaThread "LoadTest 1-14" [_thread_blocked, id=28042, stack(0x00007f65c01ee000,0x00007f65c02ef000)]
  0x00007f65d021a800 JavaThread "LoadTest 1-13" [_thread_blocked, id=28041, stack(0x00007f65c02ef000,0x00007f65c03f0000)]
  0x00007f65d021a000 JavaThread "LoadTest 1-12" [_thread_blocked, id=28040, stack(0x00007f65c0ffc000,0x00007f65c10fd000)]
  0x00007f65d0470800 JavaThread "LoadTest 1-11" [_thread_blocked, id=28039, stack(0x00007f65c04f1000,0x00007f65c05f2000)]
  0x00007f65d09d6800 JavaThread "LoadTest 1-10" [_thread_blocked, id=28038, stack(0x00007f65c0efb000,0x00007f65c0ffc000)]
  0x00007f65d0577000 JavaThread "LoadTest 1-9" [_thread_blocked, id=28037, stack(0x00007f65c0dfa000,0x00007f65c0efb000)]
  0x00007f65d0551000 JavaThread "LoadTest 1-8" [_thread_blocked, id=28036, stack(0x00007f65c0cf9000,0x00007f65c0dfa000)]
  0x00007f65d0575800 JavaThread "LoadTest 1-7" [_thread_blocked, id=28035, stack(0x00007f65c0bf8000,0x00007f65c0cf9000)]
  0x00007f65d0573000 JavaThread "LoadTest 1-6" [_thread_blocked, id=28034, stack(0x00007f65c0af7000,0x00007f65c0bf8000)]
  0x00007f65d0f3e800 JavaThread "LoadTest 1-5" [_thread_blocked, id=28033, stack(0x00007f65c09f6000,0x00007f65c0af7000)]
  0x00007f65d0f3d000 JavaThread "LoadTest 1-4" [_thread_blocked, id=28032, stack(0x00007f65c08f5000,0x00007f65c09f6000)]
  0x00007f65d0f3c800 JavaThread "LoadTest 1-3" [_thread_blocked, id=28031, stack(0x00007f65c07f4000,0x00007f65c08f5000)]
  0x00007f65d0472000 JavaThread "LoadTest 1-2" [_thread_blocked, id=28030, stack(0x00007f65c06f3000,0x00007f65c07f4000)]
  0x00007f65d0471000 JavaThread "LoadTest 1-1" [_thread_blocked, id=28029, stack(0x00007f65c05f2000,0x00007f65c06f3000)]
  0x00007f65dc225000 JavaThread "StandardJMeterEngine" [_thread_blocked, id=28027, stack(0x00007f65c2dc3000,0x00007f65c2ec4000)]
  0x00007f65dc216800 JavaThread "NanoOffset" daemon [_thread_blocked, id=27819, stack(0x00007f65c15fe000,0x00007f65c16ff000)]
  0x00007f65f000a000 JavaThread "DestroyJavaVM" [_thread_blocked, id=27788, stack(0x00007f65fa0f6000,0x00007f65fa1f7000)]
  0x00007f65f0a15000 JavaThread "TimerQueue" daemon [_thread_blocked, id=27804, stack(0x00007f65c1bac000,0x00007f65c1cad000)]
  0x00007f65f0732000 JavaThread "AWT-EventQueue-0" [_thread_blocked, id=27803, stack(0x00007f65c26ad000,0x00007f65c27ae000)]
  0x00007f65f0730800 JavaThread "AWT-Shutdown" [_thread_blocked, id=27802, stack(0x00007f65c27ae000,0x00007f65c28af000)]
  0x00007f65f065c000 JavaThread "AWT-XAWT" daemon [_thread_in_native, id=27799, stack(0x00007f65c30c4000,0x00007f65c31c5000)]
  0x00007f65f063d000 JavaThread "Java2D Disposer" daemon [_thread_blocked, id=27798, stack(0x00007f65c35d5000,0x00007f65c36d6000)]
  0x00007f65f0595000 JavaThread "Timer-0" daemon [_thread_blocked, id=27797, stack(0x00007f65f4584000,0x00007f65f4685000)]
  0x00007f65f00a8800 JavaThread "Service Thread" daemon [_thread_blocked, id=27795, stack(0x00007f65f53f1000,0x00007f65f54f2000)]
  0x00007f65f00a5800 JavaThread "C1 CompilerThread1" daemon [_thread_blocked, id=27794, stack(0x00007f65f54f2000,0x00007f65f55f3000)]
  0x00007f65f00a3000 JavaThread "C2 CompilerThread0" daemon [_thread_blocked, id=27793, stack(0x00007f65f55f3000,0x00007f65f56f4000)]
  0x00007f65f00a1000 JavaThread "Signal Dispatcher" daemon [_thread_blocked, id=27792, stack(0x00007f65f56f4000,0x00007f65f57f5000)]
  0x00007f65f007a000 JavaThread "Finalizer" daemon [_thread_blocked, id=27791, stack(0x00007f65f598d000,0x00007f65f5a8e000)]
  0x00007f65f0075800 JavaThread "Reference Handler" daemon [_thread_blocked, id=27790, stack(0x00007f65f5a8e000,0x00007f65f5b8f000)]

Other Threads:
=>0x00007f65f006e000 VMThread [stack: 0x00007f65f5b8f000,0x00007f65f5c90000] [id=27789]
  0x00007f65f00b0000 WatcherThread [stack: 0x00007f65f52f0000,0x00007f65f53f1000] [id=27796]

VM state:at safepoint (normal execution)

VM Mutex/Monitor currently owned by a thread:  ([mutex/lock_event])
[0x00007f65f0006190] Threads_lock - owner thread: 0x00007f65f006e000
[0x00007f65f0006690] Heap_lock - owner thread: 0x00007f65d021c000

Heap:
 def new generation   total 41024K, used 0K [0x00000000f0800000, 0x00000000f3480000, 0x00000000f5aa0000)
  eden space 36480K,   0% used [0x00000000f0800000, 0x00000000f0800000, 0x00000000f2ba0000)
  from space 4544K,   0% used [0x00000000f2ba0000, 0x00000000f2ba0000, 0x00000000f3010000)
  to   space 4544K,   0% used [0x00000000f3010000, 0x00000000f3010000, 0x00000000f3480000)
 tenured generation   total 89992K, used 86953K [0x00000000f5aa0000, 0x00000000fb282000, 0x0000000100000000)
   the space 89992K,  96% used [0x00000000f5aa0000, 0x00000000faf8a5f8, 0x00000000faf8a600, 0x00000000fb282000)
 Metaspace       used 38029K, capacity 38424K, committed 38656K, reserved 1083392K
  class space    used 5266K, capacity 5356K, committed 5376K, reserved 1048576K

Card table byte_map: [0x00007f65fa079000,0x00007f65fa0f6000] byte_map_base: 0x00007f65f98f5000

Polling page: 0x00007f65fa206000

CodeCache: size=245760Kb used=18461Kb max_used=18803Kb free=227298Kb
 bounds [0x00007f65e1000000, 0x00007f65e2290000, 0x00007f65f0000000]
 total_blobs=6253 nmethods=5584 adapters=580
 compilation: enabled

Compilation events (10 events):
Event: 258.041 Thread 0x00007f65f00a3000 nmethod 6798 0x00007f65e151f950 code [0x00007f65e151fac0, 0x00007f65e151fc88]
Event: 258.041 Thread 0x00007f65f00a3000 6793   !   4       org.apache.http.impl.client.DefaultRequestDirector::rewriteRequestURI (119 bytes)
Event: 258.287 Thread 0x00007f65f00a5800 6814   !   2       org.apache.jmeter.gui.LoggerPanel$1::run (128 bytes)
Event: 258.290 Thread 0x00007f65f00a5800 nmethod 6814 0x00007f65e1d050d0 code [0x00007f65e1d05380, 0x00007f65e1d06078]
Event: 258.291 Thread 0x00007f65f00a5800 6815       2       org.fife.ui.rsyntaxtextarea.folding.DefaultFoldManager::getFoldForLine (11 bytes)
Event: 258.291 Thread 0x00007f65f00a5800 nmethod 6815 0x00007f65e19d3690 code [0x00007f65e19d3800, 0x00007f65e19d3980]
Event: 258.291 Thread 0x00007f65f00a5800 6816       2       org.fife.ui.rsyntaxtextarea.SyntaxView::insertUpdate (8 bytes)
Event: 258.291 Thread 0x00007f65f00a5800 nmethod 6816 0x00007f65e1825410 code [0x00007f65e1825580, 0x00007f65e18256e0]
Event: 258.780 Thread 0x00007f65f00a5800 6818       2       java.net.Socket::setImpl (52 bytes)
Event: 258.780 Thread 0x00007f65f00a5800 nmethod 6818 0x00007f65e1db85d0 code [0x00007f65e1db8780, 0x00007f65e1db8ad0]

GC Heap History (10 events):
Event: 257.918 GC heap after
Heap after GC invocations=99 (full 8):
 def new generation   total 41024K, used 2546K [0x00000000f0800000, 0x00000000f3480000, 0x00000000f5aa0000)
  eden space 36480K,   0% used [0x00000000f0800000, 0x00000000f0800000, 0x00000000f2ba0000)
  from space 4544K,  56% used [0x00000000f3010000, 0x00000000f328cb48, 0x00000000f3480000)
  to   space 4544K,   0% used [0x00000000f2ba0000, 0x00000000f2ba0000, 0x00000000f3010000)
 tenured generation   total 89992K, used 79259K [0x00000000f5aa0000, 0x00000000fb282000, 0x0000000100000000)
   the space 89992K,  88% used [0x00000000f5aa0000, 0x00000000fa806ff8, 0x00000000fa807000, 0x00000000fb282000)
 Metaspace       used 38021K, capacity 38424K, committed 38656K, reserved 1083392K
  class space    used 5266K, capacity 5356K, committed 5376K, reserved 1048576K
}
Event: 258.114 GC heap before
{Heap before GC invocations=99 (full 8):
 def new generation   total 41024K, used 39026K [0x00000000f0800000, 0x00000000f3480000, 0x00000000f5aa0000)
  eden space 36480K,  99% used [0x00000000f0800000, 0x00000000f2b9ff50, 0x00000000f2ba0000)
  from space 4544K,  56% used [0x00000000f3010000, 0x00000000f328cb48, 0x00000000f3480000)
  to   space 4544K,   0% used [0x00000000f2ba0000, 0x00000000f2ba0000, 0x00000000f3010000)
 tenured generation   total 89992K, used 79259K [0x00000000f5aa0000, 0x00000000fb282000, 0x0000000100000000)
   the space 89992K,  88% used [0x00000000f5aa0000, 0x00000000fa806ff8, 0x00000000fa807000, 0x00000000fb282000)
 Metaspace       used 38024K, capacity 38424K, committed 38656K, reserved 1083392K
  class space    used 5266K, capacity 5356K, committed 5376K, reserved 1048576K
Event: 258.124 GC heap after
Heap after GC invocations=100 (full 8):
 def new generation   total 41024K, used 2493K [0x00000000f0800000, 0x00000000f3480000, 0x00000000f5aa0000)
  eden space 36480K,   0% used [0x00000000f0800000, 0x00000000f0800000, 0x00000000f2ba0000)
  from space 4544K,  54% used [0x00000000f2ba0000, 0x00000000f2e0f680, 0x00000000f3010000)
  to   space 4544K,   0% used [0x00000000f3010000, 0x00000000f3010000, 0x00000000f3480000)
 tenured generation   total 89992K, used 81368K [0x00000000f5aa0000, 0x00000000fb282000, 0x0000000100000000)
   the space 89992K,  90% used [0x00000000f5aa0000, 0x00000000faa162c8, 0x00000000faa16400, 0x00000000fb282000)
 Metaspace       used 38024K, capacity 38424K, committed 38656K, reserved 1083392K
  class space    used 5266K, capacity 5356K, committed 5376K, reserved 1048576K
}
Event: 258.326 GC heap before
{Heap before GC invocations=100 (full 8):
 def new generation   total 41024K, used 38968K [0x00000000f0800000, 0x00000000f3480000, 0x00000000f5aa0000)
  eden space 36480K,  99% used [0x00000000f0800000, 0x00000000f2b9eaf0, 0x00000000f2ba0000)
  from space 4544K,  54% used [0x00000000f2ba0000, 0x00000000f2e0f680, 0x00000000f3010000)
  to   space 4544K,   0% used [0x00000000f3010000, 0x00000000f3010000, 0x00000000f3480000)
 tenured generation   total 89992K, used 81368K [0x00000000f5aa0000, 0x00000000fb282000, 0x0000000100000000)
   the space 89992K,  90% used [0x00000000f5aa0000, 0x00000000faa162c8, 0x00000000faa16400, 0x00000000fb282000)
 Metaspace       used 38028K, capacity 38424K, committed 38656K, reserved 1083392K
  class space    used 5266K, capacity 5356K, committed 5376K, reserved 1048576K
Event: 258.339 GC heap after
Heap after GC invocations=101 (full 8):
 def new generation   total 41024K, used 2545K [0x00000000f0800000, 0x00000000f3480000, 0x00000000f5aa0000)
  eden space 36480K,   0% used [0x00000000f0800000, 0x00000000f0800000, 0x00000000f2ba0000)
  from space 4544K,  56% used [0x00000000f3010000, 0x00000000f328c770, 0x00000000f3480000)
  to   space 4544K,   0% used [0x00000000f2ba0000, 0x00000000f2ba0000, 0x00000000f3010000)
 tenured generation   total 89992K, used 83425K [0x00000000f5aa0000, 0x00000000fb282000, 0x0000000100000000)
   the space 89992K,  92% used [0x00000000f5aa0000, 0x00000000fac18648, 0x00000000fac18800, 0x00000000fb282000)
 Metaspace       used 38028K, capacity 38424K, committed 38656K, reserved 1083392K
  class space    used 5266K, capacity 5356K, committed 5376K, reserved 1048576K
}
Event: 258.540 GC heap before
{Heap before GC invocations=101 (full 8):
 def new generation   total 41024K, used 39025K [0x00000000f0800000, 0x00000000f3480000, 0x00000000f5aa0000)
  eden space 36480K, 100% used [0x00000000f0800000, 0x00000000f2ba0000, 0x00000000f2ba0000)
  from space 4544K,  56% used [0x00000000f3010000, 0x00000000f328c770, 0x00000000f3480000)
  to   space 4544K,   0% used [0x00000000f2ba0000, 0x00000000f2ba0000, 0x00000000f3010000)
 tenured generation   total 89992K, used 83425K [0x00000000f5aa0000, 0x00000000fb282000, 0x0000000100000000)
   the space 89992K,  92% used [0x00000000f5aa0000, 0x00000000fac18648, 0x00000000fac18800, 0x00000000fb282000)
 Metaspace       used 38028K, capacity 38424K, committed 38656K, reserved 1083392K
  class space    used 5266K, capacity 5356K, committed 5376K, reserved 1048576K
Event: 258.560 GC heap after
Heap after GC invocations=102 (full 8):
 def new generation   total 41024K, used 2804K [0x00000000f0800000, 0x00000000f3480000, 0x00000000f5aa0000)
  eden space 36480K,   0% used [0x00000000f0800000, 0x00000000f0800000, 0x00000000f2ba0000)
  from space 4544K,  61% used [0x00000000f2ba0000, 0x00000000f2e5d110, 0x00000000f3010000)
  to   space 4544K,   0% used [0x00000000f3010000, 0x00000000f3010000, 0x00000000f3480000)
 tenured generation   total 89992K, used 85514K [0x00000000f5aa0000, 0x00000000fb282000, 0x0000000100000000)
   the space 89992K,  95% used [0x00000000f5aa0000, 0x00000000fae22b30, 0x00000000fae22c00, 0x00000000fb282000)
 Metaspace       used 38028K, capacity 38424K, committed 38656K, reserved 1083392K
  class space    used 5266K, capacity 5356K, committed 5376K, reserved 1048576K
}
Event: 258.751 GC heap before
{Heap before GC invocations=102 (full 8):
 def new generation   total 41024K, used 39278K [0x00000000f0800000, 0x00000000f3480000, 0x00000000f5aa0000)
  eden space 36480K,  99% used [0x00000000f0800000, 0x00000000f2b9e9d8, 0x00000000f2ba0000)
  from space 4544K,  61% used [0x00000000f2ba0000, 0x00000000f2e5d110, 0x00000000f3010000)
  to   space 4544K,   0% used [0x00000000f3010000, 0x00000000f3010000, 0x00000000f3480000)
 tenured generation   total 89992K, used 85514K [0x00000000f5aa0000, 0x00000000fb282000, 0x0000000100000000)
   the space 89992K,  95% used [0x00000000f5aa0000, 0x00000000fae22b30, 0x00000000fae22c00, 0x00000000fb282000)
 Metaspace       used 38028K, capacity 38424K, committed 38656K, reserved 1083392K
  class space    used 5266K, capacity 5356K, committed 5376K, reserved 1048576K
Event: 258.769 GC heap after
Heap after GC invocations=103 (full 8):
 def new generation   total 41024K, used 2594K [0x00000000f0800000, 0x00000000f3480000, 0x00000000f5aa0000)
  eden space 36480K,   0% used [0x00000000f0800000, 0x00000000f0800000, 0x00000000f2ba0000)
  from space 4544K,  57% used [0x00000000f3010000, 0x00000000f32989e8, 0x00000000f3480000)
  to   space 4544K,   0% used [0x00000000f2ba0000, 0x00000000f2ba0000, 0x00000000f3010000)
 tenured generation   total 89992K, used 87848K [0x00000000f5aa0000, 0x00000000fb282000, 0x0000000100000000)
   the space 89992K,  97% used [0x00000000f5aa0000, 0x00000000fb06a1a8, 0x00000000fb06a200, 0x00000000fb282000)
 Metaspace       used 38028K, capacity 38424K, committed 38656K, reserved 1083392K
  class space    used 5266K, capacity 5356K, committed 5376K, reserved 1048576K
}
Event: 258.967 GC heap before
{Heap before GC invocations=103 (full 8):
 def new generation   total 41024K, used 39074K [0x00000000f0800000, 0x00000000f3480000, 0x00000000f5aa0000)
  eden space 36480K, 100% used [0x00000000f0800000, 0x00000000f2ba0000, 0x00000000f2ba0000)
  from space 4544K,  57% used [0x00000000f3010000, 0x00000000f32989e8, 0x00000000f3480000)
  to   space 4544K,   0% used [0x00000000f2ba0000, 0x00000000f2ba0000, 0x00000000f3010000)
 tenured generation   total 89992K, used 87848K [0x00000000f5aa0000, 0x00000000fb282000, 0x0000000100000000)
   the space 89992K,  97% used [0x00000000f5aa0000, 0x00000000fb06a1a8, 0x00000000fb06a200, 0x00000000fb282000)
 Metaspace       used 38029K, capacity 38424K, committed 38656K, reserved 1083392K
  class space    used 5266K, capacity 5356K, committed 5376K, reserved 1048576K

Deoptimization events (10 events):
Event: 257.126 Thread 0x00007f65d0433000 Uncommon trap: reason=range_check action=make_not_entrant pc=0x00007f65e22814fc method=java.lang.String.charAt(I)C @ 27
Event: 257.126 Thread 0x00007f65d0a02000 Uncommon trap: reason=range_check action=make_not_entrant pc=0x00007f65e22814fc method=java.lang.String.charAt(I)C @ 27
Event: 257.127 Thread 0x00007f65d0434000 Uncommon trap: reason=range_check action=make_not_entrant pc=0x00007f65e22814fc method=java.lang.String.charAt(I)C @ 27
Event: 257.127 Thread 0x00007f65d03e5000 Uncommon trap: reason=range_check action=make_not_entrant pc=0x00007f65e22814fc method=java.lang.String.charAt(I)C @ 27
Event: 257.127 Thread 0x00007f65d0ba0800 Uncommon trap: reason=range_check action=make_not_entrant pc=0x00007f65e22814fc method=java.lang.String.charAt(I)C @ 27
Event: 257.127 Thread 0x00007f65d0823800 Uncommon trap: reason=range_check action=make_not_entrant pc=0x00007f65e22814fc method=java.lang.String.charAt(I)C @ 27
Event: 257.127 Thread 0x00007f65d033b800 Uncommon trap: reason=range_check action=make_not_entrant pc=0x00007f65e22814fc method=java.lang.String.charAt(I)C @ 27
Event: 257.127 Thread 0x00007f65d021e000 Uncommon trap: reason=range_check action=make_not_entrant pc=0x00007f65e22814fc method=java.lang.String.charAt(I)C @ 27
Event: 257.127 Thread 0x00007f65d0160000 Uncommon trap: reason=range_check action=make_not_entrant pc=0x00007f65e22814fc method=java.lang.String.charAt(I)C @ 27
Event: 257.127 Thread 0x00007f65d021a000 Uncommon trap: reason=range_check action=make_not_entrant pc=0x00007f65e22814fc method=java.lang.String.charAt(I)C @ 27

Internal exceptions (10 events):
Event: 8.957 Thread 0x00007f65f0732000 Exception <a 'java/lang/ClassNotFoundException': org/apache/jmeter/visualizers/BeanShellListenerCustomizer> (0x00000000f1245df8) thrown at [/build/openjdk-8-YiEakL/openjdk-8-8u121-b13/src/hotspot/src/share/vm/classfile/systemDictionary.cpp, line 210]
Event: 9.012 Thread 0x00007f65f0732000 Exception <a 'java/lang/ClassNotFoundException': org/apache/jmeter/visualizers/JSR223ListenerCustomizer> (0x00000000f080d0c0) thrown at [/build/openjdk-8-YiEakL/openjdk-8-8u121-b13/src/hotspot/src/share/vm/classfile/systemDictionary.cpp, line 210]
Event: 9.085 Thread 0x00007f65f0732000 Exception <a 'java/io/FileNotFoundException'> (0x00000000f0a92b58) thrown at [/build/openjdk-8-YiEakL/openjdk-8-8u121-b13/src/hotspot/src/share/vm/prims/jni.cpp, line 709]
Event: 9.454 Thread 0x00007f65f06cd800 Implicit null exception at 0x00007f65e13e592e to 0x00007f65e13e6efd
Event: 9.875 Thread 0x00007f65f0732000 Exception <a 'java/lang/UnsupportedOperationException': > (0x00000000f0d088d8) thrown at [/build/openjdk-8-YiEakL/openjdk-8-8u121-b13/src/hotspot/src/share/vm/prims/jni.cpp, line 735]
Event: 81.581 Thread 0x00007f65dc0fa000 Exception <a 'java/io/FileNotFoundException'> (0x00000000f0a1d178) thrown at [/build/openjdk-8-YiEakL/openjdk-8-8u121-b13/src/hotspot/src/share/vm/prims/jni.cpp, line 709]
Event: 90.396 Thread 0x00007f65f0732000 Implicit null exception at 0x00007f65e1c920b4 to 0x00007f65e1c92f9d
Event: 197.216 Thread 0x00007f65dc0fd000 Exception <a 'java/io/FileNotFoundException'> (0x00000000f118ca20) thrown at [/build/openjdk-8-YiEakL/openjdk-8-8u121-b13/src/hotspot/src/share/vm/prims/jni.cpp, line 709]
Event: 244.209 Thread 0x00007f65f0732000 Implicit null exception at 0x00007f65e1db868c to 0x00007f65e1db88b9
Event: 248.365 Thread 0x00007f65dc225000 Exception <a 'java/io/FileNotFoundException'> (0x00000000f0eaf478) thrown at [/build/openjdk-8-YiEakL/openjdk-8-8u121-b13/src/hotspot/src/share/vm/prims/jni.cpp, line 709]

Events (10 events):
Event: 258.588 Executing VM operation: GenCollectForAllocation done
Event: 258.629 Thread 0x00007f65d0437800 DEOPT PACKING pc=0x00007f65e165ad6d sp=0x00007f65befda4e0
Event: 258.629 Thread 0x00007f65d0437800 DEOPT UNPACKING pc=0x00007f65e1047373 sp=0x00007f65befda260 mode 0
Event: 258.739 Thread 0x00007f65d0356000 DEOPT PACKING pc=0x00007f65e165ad6d sp=0x00007f65bcdba4e0
Event: 258.739 Thread 0x00007f65d0356000 DEOPT UNPACKING pc=0x00007f65e1047373 sp=0x00007f65bcdba260 mode 0
Event: 258.748 Executing VM operation: GenCollectForAllocation
Event: 258.796 Executing VM operation: GenCollectForAllocation done
Event: 258.866 Thread 0x00007f65d05c4800 DEOPT PACKING pc=0x00007f65e165ad6d sp=0x00007f65bc2af4e0
Event: 258.866 Thread 0x00007f65d05c4800 DEOPT UNPACKING pc=0x00007f65e1047373 sp=0x00007f65bc2af260 mode 0
Event: 258.963 Executing VM operation: GenCollectForAllocation


Dynamic libraries:
00400000-00401000 r-xp 00000000 ca:01 149319                             /usr/lib/jvm/java-8-openjdk-amd64/jre/bin/java
00600000-00601000 r--p 00000000 ca:01 149319                             /usr/lib/jvm/java-8-openjdk-amd64/jre/bin/java
00601000-00602000 rw-p 00001000 ca:01 149319                             /usr/lib/jvm/java-8-openjdk-amd64/jre/bin/java
0186a000-01915000 rw-p 00000000 00:00 0                                  [heap]
f0800000-f3480000 rw-p 00000000 00:00 0 
f3480000-f5aa0000 ---p 00000000 00:00 0 
f5aa0000-fb282000 rw-p 00000000 00:00 0 
fe827000-100000000 ---p 00000000 00:00 0 
100000000-100540000 rw-p 00000000 00:00 0 
100540000-140000000 ---p 00000000 00:00 0 
7f65baa9b000-7f65bab1b000 rw-p 00000000 00:00 0 
7f65bab1b000-7f65bac9b000 ---p 00000000 00:00 0 
7f65bac9b000-7f65bac9e000 ---p 00000000 00:00 0 
7f65bac9e000-7f65bad9c000 rw-p 00000000 00:00 0 
7f65bad9c000-7f65bad9f000 ---p 00000000 00:00 0 
7f65bad9f000-7f65bae9d000 rw-p 00000000 00:00 0 
7f65bae9d000-7f65baea0000 ---p 00000000 00:00 0 
7f65baea0000-7f65baf9e000 rw-p 00000000 00:00 0 
7f65baf9e000-7f65bafa1000 ---p 00000000 00:00 0 
7f65bafa1000-7f65bb09f000 rw-p 00000000 00:00 0 
7f65bb09f000-7f65bb0a2000 ---p 00000000 00:00 0 
7f65bb0a2000-7f65bb1a0000 rw-p 00000000 00:00 0 
7f65bb1a0000-7f65bb1a3000 ---p 00000000 00:00 0 
7f65bb1a3000-7f65bb2a1000 rw-p 00000000 00:00 0 
7f65bb2a1000-7f65bb2a4000 ---p 00000000 00:00 0 
7f65bb2a4000-7f65bb3a2000 rw-p 00000000 00:00 0 
7f65bb3a2000-7f65bb3a5000 ---p 00000000 00:00 0 
7f65bb3a5000-7f65bb4a3000 rw-p 00000000 00:00 0 
7f65bb4a3000-7f65bb4a6000 ---p 00000000 00:00 0 
7f65bb4a6000-7f65bb5a4000 rw-p 00000000 00:00 0 
7f65bb5a4000-7f65bb5a7000 ---p 00000000 00:00 0 
7f65bb5a7000-7f65bb6a5000 rw-p 00000000 00:00 0 
7f65bb6a5000-7f65bb6a8000 ---p 00000000 00:00 0 
7f65bb6a8000-7f65bb7a6000 rw-p 00000000 00:00 0 
7f65bb7a6000-7f65bb7a9000 ---p 00000000 00:00 0 
7f65bb7a9000-7f65bb8a7000 rw-p 00000000 00:00 0 
7f65bb8a7000-7f65bb8aa000 ---p 00000000 00:00 0 
7f65bb8aa000-7f65bb9a8000 rw-p 00000000 00:00 0 
7f65bb9a8000-7f65bb9ab000 ---p 00000000 00:00 0 
7f65bb9ab000-7f65bbaa9000 rw-p 00000000 00:00 0 
7f65bbaa9000-7f65bbaac000 ---p 00000000 00:00 0 
7f65bbaac000-7f65bbbaa000 rw-p 00000000 00:00 0 
7f65bbbaa000-7f65bbbad000 ---p 00000000 00:00 0 
7f65bbbad000-7f65bbcab000 rw-p 00000000 00:00 0 
7f65bbcab000-7f65bbcae000 ---p 00000000 00:00 0 
7f65bbcae000-7f65bbdac000 rw-p 00000000 00:00 0 
7f65bbdac000-7f65bbdaf000 ---p 00000000 00:00 0 
7f65bbdaf000-7f65bbead000 rw-p 00000000 00:00 0 
7f65bbead000-7f65bbeb0000 ---p 00000000 00:00 0 
7f65bbeb0000-7f65bbfae000 rw-p 00000000 00:00 0 
7f65bbfae000-7f65bbfb1000 ---p 00000000 00:00 0 
7f65bbfb1000-7f65bc0af000 rw-p 00000000 00:00 0 
7f65bc0af000-7f65bc0b2000 ---p 00000000 00:00 0 
7f65bc0b2000-7f65bc1b0000 rw-p 00000000 00:00 0 
7f65bc1b0000-7f65bc1b3000 ---p 00000000 00:00 0 
7f65bc1b3000-7f65bc2b1000 rw-p 00000000 00:00 0 
7f65bc2b1000-7f65bc2b4000 ---p 00000000 00:00 0 
7f65bc2b4000-7f65bc3b2000 rw-p 00000000 00:00 0 
7f65bc3b2000-7f65bc3b5000 ---p 00000000 00:00 0 
7f65bc3b5000-7f65bc4b3000 rw-p 00000000 00:00 0 
7f65bc4b3000-7f65bc4b6000 ---p 00000000 00:00 0 
7f65bc4b6000-7f65bc5b4000 rw-p 00000000 00:00 0 
7f65bc5b4000-7f65bc5b7000 ---p 00000000 00:00 0 
7f65bc5b7000-7f65bc6b5000 rw-p 00000000 00:00 0 
7f65bc6b5000-7f65bc6b8000 ---p 00000000 00:00 0 
7f65bc6b8000-7f65bc7b6000 rw-p 00000000 00:00 0 
7f65bc7b6000-7f65bc7b9000 ---p 00000000 00:00 0 
7f65bc7b9000-7f65bc8b7000 rw-p 00000000 00:00 0 
7f65bc8b7000-7f65bc8ba000 ---p 00000000 00:00 0 
7f65bc8ba000-7f65bc9b8000 rw-p 00000000 00:00 0 
7f65bc9b8000-7f65bc9bb000 ---p 00000000 00:00 0 
7f65bc9bb000-7f65bcab9000 rw-p 00000000 00:00 0 
7f65bcab9000-7f65bcabc000 ---p 00000000 00:00 0 
7f65bcabc000-7f65bcbba000 rw-p 00000000 00:00 0 
7f65bcbba000-7f65bcbbd000 ---p 00000000 00:00 0 
7f65bcbbd000-7f65bccbb000 rw-p 00000000 00:00 0 
7f65bccbb000-7f65bccbe000 ---p 00000000 00:00 0 
7f65bccbe000-7f65bcdbc000 rw-p 00000000 00:00 0 
7f65bcdbc000-7f65bcdbf000 ---p 00000000 00:00 0 
7f65bcdbf000-7f65bcebd000 rw-p 00000000 00:00 0 
7f65bcebd000-7f65bcec0000 ---p 00000000 00:00 0 
7f65bcec0000-7f65bcfbe000 rw-p 00000000 00:00 0 
7f65bcfbe000-7f65bcfc1000 ---p 00000000 00:00 0 
7f65bcfc1000-7f65bd0bf000 rw-p 00000000 00:00 0 
7f65bd0bf000-7f65bd0c2000 ---p 00000000 00:00 0 
7f65bd0c2000-7f65bd1c0000 rw-p 00000000 00:00 0 
7f65bd1c0000-7f65bd1c3000 ---p 00000000 00:00 0 
7f65bd1c3000-7f65bd2c1000 rw-p 00000000 00:00 0 
7f65bd2c1000-7f65bd2c4000 ---p 00000000 00:00 0 
7f65bd2c4000-7f65bd3c2000 rw-p 00000000 00:00 0 
7f65bd3c2000-7f65bd3c5000 ---p 00000000 00:00 0 
7f65bd3c5000-7f65bd4c3000 rw-p 00000000 00:00 0 
7f65bd4c3000-7f65bd4c6000 ---p 00000000 00:00 0 
7f65bd4c6000-7f65bd5c4000 rw-p 00000000 00:00 0 
7f65bd5c4000-7f65bd5c7000 ---p 00000000 00:00 0 
7f65bd5c7000-7f65bd6c5000 rw-p 00000000 00:00 0 
7f65bd6c5000-7f65bd6c8000 ---p 00000000 00:00 0 
7f65bd6c8000-7f65bd7c6000 rw-p 00000000 00:00 0 
7f65bd7c6000-7f65bd7c9000 ---p 00000000 00:00 0 
7f65bd7c9000-7f65bd8c7000 rw-p 00000000 00:00 0 
7f65bd8c7000-7f65bd8ca000 ---p 00000000 00:00 0 
7f65bd8ca000-7f65bd9c8000 rw-p 00000000 00:00 0 
7f65bd9c8000-7f65bd9cb000 ---p 00000000 00:00 0 
7f65bd9cb000-7f65bdac9000 rw-p 00000000 00:00 0 
7f65bdac9000-7f65bdacc000 ---p 00000000 00:00 0 
7f65bdacc000-7f65bdbca000 rw-p 00000000 00:00 0 
7f65bdbca000-7f65bdbcd000 ---p 00000000 00:00 0 
7f65bdbcd000-7f65bdccb000 rw-p 00000000 00:00 0 
7f65bdccb000-7f65bdcce000 ---p 00000000 00:00 0 
7f65bdcce000-7f65bdfcc000 rw-p 00000000 00:00 0 
7f65bdfcc000-7f65bdfcf000 ---p 00000000 00:00 0 
7f65bdfcf000-7f65be0cd000 rw-p 00000000 00:00 0 
7f65be0cd000-7f65be0d0000 ---p 00000000 00:00 0 
7f65be0d0000-7f65be1ce000 rw-p 00000000 00:00 0 
7f65be1ce000-7f65be1d1000 ---p 00000000 00:00 0 
7f65be1d1000-7f65be2cf000 rw-p 00000000 00:00 0 
7f65be2cf000-7f65be2d2000 ---p 00000000 00:00 0 
7f65be2d2000-7f65be3d0000 rw-p 00000000 00:00 0 
7f65be3d0000-7f65be3d3000 ---p 00000000 00:00 0 
7f65be3d3000-7f65be4d1000 rw-p 00000000 00:00 0 
7f65be4d1000-7f65be4d4000 ---p 00000000 00:00 0 
7f65be4d4000-7f65be5d2000 rw-p 00000000 00:00 0 
7f65be5d2000-7f65be5d5000 ---p 00000000 00:00 0 
7f65be5d5000-7f65be6d3000 rw-p 00000000 00:00 0 
7f65be6d3000-7f65be6d6000 ---p 00000000 00:00 0 
7f65be6d6000-7f65be7d4000 rw-p 00000000 00:00 0 
7f65be7d4000-7f65be7d7000 ---p 00000000 00:00 0 
7f65be7d7000-7f65be8d5000 rw-p 00000000 00:00 0 
7f65be8d5000-7f65be8d8000 ---p 00000000 00:00 0 
7f65be8d8000-7f65be9d6000 rw-p 00000000 00:00 0 
7f65be9d6000-7f65be9d9000 ---p 00000000 00:00 0 
7f65be9d9000-7f65bead7000 rw-p 00000000 00:00 0 
7f65bead7000-7f65beada000 ---p 00000000 00:00 0 
7f65beada000-7f65bebd8000 rw-p 00000000 00:00 0 
7f65bebd8000-7f65bebdb000 ---p 00000000 00:00 0 
7f65bebdb000-7f65becd9000 rw-p 00000000 00:00 0 
7f65becd9000-7f65becdc000 ---p 00000000 00:00 0 
7f65becdc000-7f65bedda000 rw-p 00000000 00:00 0 
7f65bedda000-7f65beddd000 ---p 00000000 00:00 0 
7f65beddd000-7f65beedb000 rw-p 00000000 00:00 0 
7f65beedb000-7f65beede000 ---p 00000000 00:00 0 
7f65beede000-7f65befdc000 rw-p 00000000 00:00 0 
7f65befdc000-7f65befdf000 ---p 00000000 00:00 0 
7f65befdf000-7f65bf0dd000 rw-p 00000000 00:00 0 
7f65bf0dd000-7f65bf0e0000 ---p 00000000 00:00 0 
7f65bf0e0000-7f65bf1de000 rw-p 00000000 00:00 0 
7f65bf1de000-7f65bf1e1000 ---p 00000000 00:00 0 
7f65bf1e1000-7f65bf2df000 rw-p 00000000 00:00 0 
7f65bf2df000-7f65bf2e2000 ---p 00000000 00:00 0 
7f65bf2e2000-7f65bf3e0000 rw-p 00000000 00:00 0 
7f65bf3e0000-7f65bf3e3000 ---p 00000000 00:00 0 
7f65bf3e3000-7f65bf4e1000 rw-p 00000000 00:00 0 
7f65bf4e1000-7f65bf4e4000 ---p 00000000 00:00 0 
7f65bf4e4000-7f65bf5e2000 rw-p 00000000 00:00 0 
7f65bf5e2000-7f65bf5e5000 ---p 00000000 00:00 0 
7f65bf5e5000-7f65bf6e3000 rw-p 00000000 00:00 0 
7f65bf6e3000-7f65bf6e6000 ---p 00000000 00:00 0 
7f65bf6e6000-7f65bf7e4000 rw-p 00000000 00:00 0 
7f65bf7e4000-7f65bf7e7000 ---p 00000000 00:00 0 
7f65bf7e7000-7f65bf8e5000 rw-p 00000000 00:00 0 
7f65bf8e5000-7f65bf8e8000 ---p 00000000 00:00 0 
7f65bf8e8000-7f65bf9e6000 rw-p 00000000 00:00 0 
7f65bf9e6000-7f65bf9e9000 ---p 00000000 00:00 0 
7f65bf9e9000-7f65bfae7000 rw-p 00000000 00:00 0 
7f65bfae7000-7f65bfaea000 ---p 00000000 00:00 0 
7f65bfaea000-7f65bfbe8000 rw-p 00000000 00:00 0 
7f65bfbe8000-7f65bfbeb000 ---p 00000000 00:00 0 
7f65bfbeb000-7f65bfce9000 rw-p 00000000 00:00 0 
7f65bfce9000-7f65bfcec000 ---p 00000000 00:00 0 
7f65bfcec000-7f65bfdea000 rw-p 00000000 00:00 0 
7f65bfdea000-7f65bfded000 ---p 00000000 00:00 0 
7f65bfded000-7f65bfeeb000 rw-p 00000000 00:00 0 
7f65bfeeb000-7f65bfeee000 ---p 00000000 00:00 0 
7f65bfeee000-7f65bffec000 rw-p 00000000 00:00 0 
7f65bffec000-7f65bffef000 ---p 00000000 00:00 0 
7f65bffef000-7f65c00ed000 rw-p 00000000 00:00 0 
7f65c00ed000-7f65c00f0000 ---p 00000000 00:00 0 
7f65c00f0000-7f65c01ee000 rw-p 00000000 00:00 0 
7f65c01ee000-7f65c01f1000 ---p 00000000 00:00 0 
7f65c01f1000-7f65c02ef000 rw-p 00000000 00:00 0 
7f65c02ef000-7f65c02f2000 ---p 00000000 00:00 0 
7f65c02f2000-7f65c03f0000 rw-p 00000000 00:00 0 
7f65c03f0000-7f65c03f3000 ---p 00000000 00:00 0 
7f65c03f3000-7f65c04f1000 rw-p 00000000 00:00 0 
7f65c04f1000-7f65c04f4000 ---p 00000000 00:00 0 
7f65c04f4000-7f65c05f2000 rw-p 00000000 00:00 0 
7f65c05f2000-7f65c05f5000 ---p 00000000 00:00 0 
7f65c05f5000-7f65c06f3000 rw-p 00000000 00:00 0 
7f65c06f3000-7f65c06f6000 ---p 00000000 00:00 0 
7f65c06f6000-7f65c07f4000 rw-p 00000000 00:00 0 
7f65c07f4000-7f65c07f7000 ---p 00000000 00:00 0 
7f65c07f7000-7f65c08f5000 rw-p 00000000 00:00 0 
7f65c08f5000-7f65c08f8000 ---p 00000000 00:00 0 
7f65c08f8000-7f65c09f6000 rw-p 00000000 00:00 0 
7f65c09f6000-7f65c09f9000 ---p 00000000 00:00 0 
7f65c09f9000-7f65c0af7000 rw-p 00000000 00:00 0 
7f65c0af7000-7f65c0afa000 ---p 00000000 00:00 0 
7f65c0afa000-7f65c0bf8000 rw-p 00000000 00:00 0 
7f65c0bf8000-7f65c0bfb000 ---p 00000000 00:00 0 
7f65c0bfb000-7f65c0cf9000 rw-p 00000000 00:00 0 
7f65c0cf9000-7f65c0cfc000 ---p 00000000 00:00 0 
7f65c0cfc000-7f65c0dfa000 rw-p 00000000 00:00 0 
7f65c0dfa000-7f65c0dfd000 ---p 00000000 00:00 0 
7f65c0dfd000-7f65c0efb000 rw-p 00000000 00:00 0 
7f65c0efb000-7f65c0efe000 ---p 00000000 00:00 0 
7f65c0efe000-7f65c0ffc000 rw-p 00000000 00:00 0 
7f65c0ffc000-7f65c0fff000 ---p 00000000 00:00 0 
7f65c0fff000-7f65c12fd000 rw-p 00000000 00:00 0 
7f65c12fd000-7f65c1300000 ---p 00000000 00:00 0 
7f65c1300000-7f65c13fe000 rw-p 00000000 00:00 0 
7f65c13fe000-7f65c15fe000 rw-p 00000000 00:00 0 
7f65c15fe000-7f65c1601000 ---p 00000000 00:00 0 
7f65c1601000-7f65c18ff000 rw-p 00000000 00:00 0 
7f65c18ff000-7f65c1aff000 rw-p 00000000 00:00 0 
7f65c1bac000-7f65c1baf000 ---p 00000000 00:00 0 
7f65c1baf000-7f65c1ead000 rw-p 00000000 00:00 0 
7f65c1ead000-7f65c20ad000 rw-p 00000000 00:00 0 
7f65c20ad000-7f65c22ad000 rw-p 00000000 00:00 0 
7f65c22ad000-7f65c24ad000 rw-p 00000000 00:00 0 
7f65c24ad000-7f65c26ad000 rw-p 00000000 00:00 0 
7f65c26ad000-7f65c26b0000 ---p 00000000 00:00 0 
7f65c26b0000-7f65c27ae000 rw-p 00000000 00:00 0 
7f65c27ae000-7f65c27b1000 ---p 00000000 00:00 0 
7f65c27b1000-7f65c28af000 rw-p 00000000 00:00 0 
7f65c28af000-7f65c28c0000 r-xp 00000000 ca:01 149265                     /usr/lib/jvm/java-8-openjdk-amd64/jre/lib/amd64/libnio.so
7f65c28c0000-7f65c2ac0000 ---p 00011000 ca:01 149265                     /usr/lib/jvm/java-8-openjdk-amd64/jre/lib/amd64/libnio.so
7f65c2ac0000-7f65c2ac1000 r--p 00011000 ca:01 149265                     /usr/lib/jvm/java-8-openjdk-amd64/jre/lib/amd64/libnio.so
7f65c2ac1000-7f65c2ac2000 rw-p 00012000 ca:01 149265                     /usr/lib/jvm/java-8-openjdk-amd64/jre/lib/amd64/libnio.so
7f65c2ac2000-7f65c2cc2000 rw-p 00000000 00:00 0 
7f65c2cc2000-7f65c2cc5000 ---p 00000000 00:00 0 
7f65c2cc5000-7f65c2dc3000 rw-p 00000000 00:00 0 
7f65c2dc3000-7f65c2dc6000 ---p 00000000 00:00 0 
7f65c2dc6000-7f65c30c4000 rw-p 00000000 00:00 0 
7f65c30c4000-7f65c30c7000 ---p 00000000 00:00 0 
7f65c30c7000-7f65c31c5000 rw-p 00000000 00:00 0 
7f65c31c5000-7f65c31ca000 r-xp 00000000 ca:01 35837                      /usr/lib/x86_64-linux-gnu/libXfixes.so.3.1.0
7f65c31ca000-7f65c33c9000 ---p 00005000 ca:01 35837                      /usr/lib/x86_64-linux-gnu/libXfixes.so.3.1.0
7f65c33c9000-7f65c33ca000 r--p 00004000 ca:01 35837                      /usr/lib/x86_64-linux-gnu/libXfixes.so.3.1.0
7f65c33ca000-7f65c33cb000 rw-p 00005000 ca:01 35837                      /usr/lib/x86_64-linux-gnu/libXfixes.so.3.1.0
7f65c33cb000-7f65c33d4000 r-xp 00000000 ca:01 35839                      /usr/lib/x86_64-linux-gnu/libXcursor.so.1.0.2
7f65c33d4000-7f65c35d3000 ---p 00009000 ca:01 35839                      /usr/lib/x86_64-linux-gnu/libXcursor.so.1.0.2
7f65c35d3000-7f65c35d4000 r--p 00008000 ca:01 35839                      /usr/lib/x86_64-linux-gnu/libXcursor.so.1.0.2
7f65c35d4000-7f65c35d5000 rw-p 00009000 ca:01 35839                      /usr/lib/x86_64-linux-gnu/libXcursor.so.1.0.2
7f65c35d5000-7f65c35d8000 ---p 00000000 00:00 0 
7f65c35d8000-7f65c36d6000 rw-p 00000000 00:00 0 
7f65c36d6000-7f65c36fa000 r-xp 00000000 ca:01 396956                     /lib/x86_64-linux-gnu/libpng12.so.0.54.0
7f65c36fa000-7f65c38f9000 ---p 00024000 ca:01 396956                     /lib/x86_64-linux-gnu/libpng12.so.0.54.0
7f65c38f9000-7f65c38fa000 r--p 00023000 ca:01 396956                     /lib/x86_64-linux-gnu/libpng12.so.0.54.0
7f65c38fa000-7f65c38fb000 rw-p 00024000 ca:01 396956                     /lib/x86_64-linux-gnu/libpng12.so.0.54.0
7f65c38fb000-7f65c399f000 r-xp 00000000 ca:01 8735                       /usr/lib/x86_64-linux-gnu/libfreetype.so.6.12.1
7f65c399f000-7f65c3b9e000 ---p 000a4000 ca:01 8735                       /usr/lib/x86_64-linux-gnu/libfreetype.so.6.12.1
7f65c3b9e000-7f65c3ba4000 r--p 000a3000 ca:01 8735                       /usr/lib/x86_64-linux-gnu/libfreetype.so.6.12.1
7f65c3ba4000-7f65c3ba5000 rw-p 000a9000 ca:01 8735                       /usr/lib/x86_64-linux-gnu/libfreetype.so.6.12.1
7f65c3ba5000-7f65c3bf7000 r-xp 00000000 ca:01 149261                     /usr/lib/jvm/java-8-openjdk-amd64/jre/lib/amd64/libfontmanager.so
7f65c3bf7000-7f65c3df7000 ---p 00052000 ca:01 149261                     /usr/lib/jvm/java-8-openjdk-amd64/jre/lib/amd64/libfontmanager.so
7f65c3df7000-7f65c3df9000 r--p 00052000 ca:01 149261                     /usr/lib/jvm/java-8-openjdk-amd64/jre/lib/amd64/libfontmanager.so
7f65c3df9000-7f65c3dfa000 rw-p 00054000 ca:01 149261                     /usr/lib/jvm/java-8-openjdk-amd64/jre/lib/amd64/libfontmanager.so
7f65c3dfa000-7f65c3dff000 r-xp 00000000 ca:01 5290                       /usr/lib/x86_64-linux-gnu/libXdmcp.so.6.0.0
7f65c3dff000-7f65c3ffe000 ---p 00005000 ca:01 5290                       /usr/lib/x86_64-linux-gnu/libXdmcp.so.6.0.0
7f65c3ffe000-7f65c3fff000 r--p 00004000 ca:01 5290                       /usr/lib/x86_64-linux-gnu/libXdmcp.so.6.0.0
7f65c3fff000-7f65c4000000 rw-p 00005000 ca:01 5290                       /usr/lib/x86_64-linux-gnu/libXdmcp.so.6.0.0
7f65c4000000-7f65c4ba7000 rw-p 00000000 00:00 0 
7f65c4ba7000-7f65c8000000 ---p 00000000 00:00 0 
7f65c8000000-7f65c809b000 rw-p 00000000 00:00 0 
7f65c809b000-7f65cc000000 ---p 00000000 00:00 0 
7f65cc000000-7f65cc029000 rw-p 00000000 00:00 0 
7f65cc029000-7f65d0000000 ---p 00000000 00:00 0 
7f65d0000000-7f65d373a000 rw-p 00000000 00:00 0 
7f65d373a000-7f65d4000000 ---p 00000000 00:00 0 
7f65d4000000-7f65d4075000 rw-p 00000000 00:00 0 
7f65d4075000-7f65d8000000 ---p 00000000 00:00 0 
7f65d8000000-7f65d803e000 rw-p 00000000 00:00 0 
7f65d803e000-7f65dc000000 ---p 00000000 00:00 0 
7f65dc000000-7f65dc4d1000 rw-p 00000000 00:00 0 
7f65dc4d1000-7f65e0000000 ---p 00000000 00:00 0 
7f65e006e000-7f65e0070000 r-xp 00000000 ca:01 5289                       /usr/lib/x86_64-linux-gnu/libXau.so.6.0.0
7f65e0070000-7f65e0270000 ---p 00002000 ca:01 5289                       /usr/lib/x86_64-linux-gnu/libXau.so.6.0.0
7f65e0270000-7f65e0271000 r--p 00002000 ca:01 5289                       /usr/lib/x86_64-linux-gnu/libXau.so.6.0.0
7f65e0271000-7f65e0272000 rw-p 00003000 ca:01 5289                       /usr/lib/x86_64-linux-gnu/libXau.so.6.0.0
7f65e0272000-7f65e0293000 r-xp 00000000 ca:01 5396                       /usr/lib/x86_64-linux-gnu/libxcb.so.1.1.0
7f65e0293000-7f65e0492000 ---p 00021000 ca:01 5396                       /usr/lib/x86_64-linux-gnu/libxcb.so.1.1.0
7f65e0492000-7f65e0493000 r--p 00020000 ca:01 5396                       /usr/lib/x86_64-linux-gnu/libxcb.so.1.1.0
7f65e0493000-7f65e0494000 rw-p 00021000 ca:01 5396                       /usr/lib/x86_64-linux-gnu/libxcb.so.1.1.0
7f65e0494000-7f65e04a3000 r-xp 00000000 ca:01 35658                      /usr/lib/x86_64-linux-gnu/libXi.so.6.1.0
7f65e04a3000-7f65e06a2000 ---p 0000f000 ca:01 35658                      /usr/lib/x86_64-linux-gnu/libXi.so.6.1.0
7f65e06a2000-7f65e06a3000 r--p 0000e000 ca:01 35658                      /usr/lib/x86_64-linux-gnu/libXi.so.6.1.0
7f65e06a3000-7f65e06a4000 rw-p 0000f000 ca:01 35658                      /usr/lib/x86_64-linux-gnu/libXi.so.6.1.0
7f65e06a4000-7f65e06a9000 r-xp 00000000 ca:01 35541                      /usr/lib/x86_64-linux-gnu/libXtst.so.6.1.0
7f65e06a9000-7f65e08a8000 ---p 00005000 ca:01 35541                      /usr/lib/x86_64-linux-gnu/libXtst.so.6.1.0
7f65e08a8000-7f65e08a9000 r--p 00004000 ca:01 35541                      /usr/lib/x86_64-linux-gnu/libXtst.so.6.1.0
7f65e08a9000-7f65e08aa000 rw-p 00005000 ca:01 35541                      /usr/lib/x86_64-linux-gnu/libXtst.so.6.1.0
7f65e08aa000-7f65e08b3000 r-xp 00000000 ca:01 35660                      /usr/lib/x86_64-linux-gnu/libXrender.so.1.3.0
7f65e08b3000-7f65e0ab2000 ---p 00009000 ca:01 35660                      /usr/lib/x86_64-linux-gnu/libXrender.so.1.3.0
7f65e0ab2000-7f65e0ab3000 r--p 00008000 ca:01 35660                      /usr/lib/x86_64-linux-gnu/libXrender.so.1.3.0
7f65e0ab3000-7f65e0ab4000 rw-p 00009000 ca:01 35660                      /usr/lib/x86_64-linux-gnu/libXrender.so.1.3.0
7f65e0ab4000-7f65e0be9000 r-xp 00000000 ca:01 5288                       /usr/lib/x86_64-linux-gnu/libX11.so.6.3.0
7f65e0be9000-7f65e0de9000 ---p 00135000 ca:01 5288                       /usr/lib/x86_64-linux-gnu/libX11.so.6.3.0
7f65e0de9000-7f65e0dea000 r--p 00135000 ca:01 5288                       /usr/lib/x86_64-linux-gnu/libX11.so.6.3.0
7f65e0dea000-7f65e0dee000 rw-p 00136000 ca:01 5288                       /usr/lib/x86_64-linux-gnu/libX11.so.6.3.0
7f65e0dee000-7f65e0dff000 r-xp 00000000 ca:01 5291                       /usr/lib/x86_64-linux-gnu/libXext.so.6.4.0
7f65e0dff000-7f65e0ffe000 ---p 00011000 ca:01 5291                       /usr/lib/x86_64-linux-gnu/libXext.so.6.4.0
7f65e0ffe000-7f65e0fff000 r--p 00010000 ca:01 5291                       /usr/lib/x86_64-linux-gnu/libXext.so.6.4.0
7f65e0fff000-7f65e1000000 rw-p 00011000 ca:01 5291                       /usr/lib/x86_64-linux-gnu/libXext.so.6.4.0
7f65e1000000-7f65e2290000 rwxp 00000000 00:00 0 
7f65e2290000-7f65f0000000 ---p 00000000 00:00 0 
7f65f0000000-7f65f0b89000 rw-p 00000000 00:00 0 
7f65f0b89000-7f65f4000000 ---p 00000000 00:00 0 
7f65f4028000-7f65f402c000 r--s 0009a000 ca:01 149308                     /usr/lib/jvm/java-8-openjdk-amd64/jre/lib/jsse.jar
7f65f402c000-7f65f4034000 r--s 00000000 ca:01 149794                     /var/cache/fontconfig/bf3b770c553c462765856025a94f1ce6-le64.cache-6
7f65f4034000-7f65f4047000 r--s 00000000 ca:01 183732                     /var/cache/fontconfig/4ac51e5cfbc76fc3f983e470323a16d3-le64.cache-6
7f65f4047000-7f65f405a000 r--s 00346000 ca:01 149284                     /usr/lib/jvm/java-8-openjdk-amd64/jre/lib/resources.jar
7f65f405a000-7f65f40ae000 r-xp 00000000 ca:01 149274                     /usr/lib/jvm/java-8-openjdk-amd64/jre/lib/amd64/libawt_xawt.so
7f65f40ae000-7f65f42ae000 ---p 00054000 ca:01 149274                     /usr/lib/jvm/java-8-openjdk-amd64/jre/lib/amd64/libawt_xawt.so
7f65f42ae000-7f65f42af000 r--p 00054000 ca:01 149274                     /usr/lib/jvm/java-8-openjdk-amd64/jre/lib/amd64/libawt_xawt.so
7f65f42af000-7f65f42b2000 rw-p 00055000 ca:01 149274                     /usr/lib/jvm/java-8-openjdk-amd64/jre/lib/amd64/libawt_xawt.so
7f65f42b2000-7f65f42b3000 rw-p 00000000 00:00 0 
7f65f42b3000-7f65f4353000 r-xp 00000000 ca:01 149280                     /usr/lib/jvm/java-8-openjdk-amd64/jre/lib/amd64/libawt.so
7f65f4353000-7f65f4553000 ---p 000a0000 ca:01 149280                     /usr/lib/jvm/java-8-openjdk-amd64/jre/lib/amd64/libawt.so
7f65f4553000-7f65f4554000 r--p 000a0000 ca:01 149280                     /usr/lib/jvm/java-8-openjdk-amd64/jre/lib/amd64/libawt.so
7f65f4554000-7f65f455f000 rw-p 000a1000 ca:01 149280                     /usr/lib/jvm/java-8-openjdk-amd64/jre/lib/amd64/libawt.so
7f65f455f000-7f65f4584000 rw-p 00000000 00:00 0 
7f65f4584000-7f65f4587000 ---p 00000000 00:00 0 
7f65f4587000-7f65f4685000 rw-p 00000000 00:00 0 
7f65f4685000-7f65f469c000 r-xp 00000000 ca:01 399247                     /lib/x86_64-linux-gnu/libresolv-2.23.so
7f65f469c000-7f65f489c000 ---p 00017000 ca:01 399247                     /lib/x86_64-linux-gnu/libresolv-2.23.so
7f65f489c000-7f65f489d000 r--p 00017000 ca:01 399247                     /lib/x86_64-linux-gnu/libresolv-2.23.so
7f65f489d000-7f65f489e000 rw-p 00018000 ca:01 399247                     /lib/x86_64-linux-gnu/libresolv-2.23.so
7f65f489e000-7f65f48a0000 rw-p 00000000 00:00 0 
7f65f48a0000-7f65f48a5000 r-xp 00000000 ca:01 399250                     /lib/x86_64-linux-gnu/libnss_dns-2.23.so
7f65f48a5000-7f65f4aa5000 ---p 00005000 ca:01 399250                     /lib/x86_64-linux-gnu/libnss_dns-2.23.so
7f65f4aa5000-7f65f4aa6000 r--p 00005000 ca:01 399250                     /lib/x86_64-linux-gnu/libnss_dns-2.23.so
7f65f4aa6000-7f65f4aa7000 rw-p 00006000 ca:01 399250                     /lib/x86_64-linux-gnu/libnss_dns-2.23.so
7f65f4aa7000-7f65f4ab2000 r--s 00000000 ca:01 149793                     /var/cache/fontconfig/d589a48862398ed80a3d6066f4f56f4c-le64.cache-6
7f65f4ab2000-7f65f4db3000 rw-p 00000000 00:00 0 
7f65f4db3000-7f65f4dca000 r-xp 00000000 ca:01 149257                     /usr/lib/jvm/java-8-openjdk-amd64/jre/lib/amd64/libnet.so
7f65f4dca000-7f65f4fc9000 ---p 00017000 ca:01 149257                     /usr/lib/jvm/java-8-openjdk-amd64/jre/lib/amd64/libnet.so
7f65f4fc9000-7f65f4fca000 r--p 00016000 ca:01 149257                     /usr/lib/jvm/java-8-openjdk-amd64/jre/lib/amd64/libnet.so
7f65f4fca000-7f65f4fcb000 rw-p 00017000 ca:01 149257                     /usr/lib/jvm/java-8-openjdk-amd64/jre/lib/amd64/libnet.so
7f65f4fcb000-7f65f4fcd000 r--s 00004000 ca:01 38303                      /usr/share/jmeter/lib/junit/test.jar
7f65f4fcd000-7f65f4fcf000 r--s 00006000 ca:01 39174                      /usr/share/jmeter/lib/ext/ApacheJMeter_tcp.jar
7f65f4fcf000-7f65f4fd6000 r--s 0002a000 ca:01 38181                      /usr/share/java/xpp3-xpath-1.1.4c.jar
7f65f4fd6000-7f65f4fd8000 r--s 0001b000 ca:01 38180                      /usr/share/java/xpp3-1.1.4c.jar
7f65f4fd8000-7f65f4fdb000 r--s 0002a000 ca:01 39138                      /usr/share/java/xom-1.2.10.jar
7f65f4fdb000-7f65f4fdd000 r--s 00023000 ca:01 38020                      /usr/share/java/jdom1-1.1.3.jar
7f65f4fdd000-7f65f4fe2000 r--s 0003f000 ca:01 38958                      /usr/share/java/dom4j-1.6.1.jar
7f65f4fe2000-7f65f4fe9000 r--s 0003f000 ca:01 9283                       /usr/share/java/cglib3-3.1.jar
7f65f4fe9000-7f65f4ff6000 r--s 00076000 ca:01 38247                      /usr/share/java/xstream-1.4.8.jar
7f65f4ff6000-7f65f4ff9000 r--s 0001e000 ca:01 64914                      /usr/share/java/servlet-api-2.5.jar
7f65f4ff9000-7f65f5044000 r--s 002d9000 ca:01 37769                      /usr/share/java/batik-all-1.8.jar
7f65f5044000-7f65f5048000 r--s 0001e000 ca:01 38002                      /usr/share/java/jCharts-0.7.5.jar
7f65f5048000-7f65f504b000 r--s 00012000 ca:01 37600                      /usr/share/java/logkit-2.0.jar
7f65f504b000-7f65f504e000 r--s 0001d000 ca:01 38298                      /usr/share/jmeter/lib/ext/ApacheJMeter_report.jar
7f65f504e000-7f65f504f000 r--s 00003000 ca:01 38297                      /usr/share/jmeter/lib/ext/ApacheJMeter_native.jar
7f65f504f000-7f65f5051000 r--s 0000b000 ca:01 38299                      /usr/share/jmeter/lib/ext/ApacheJMeter_monitors.jar
7f65f5051000-7f65f5053000 r--s 00005000 ca:01 39173                      /usr/share/jmeter/lib/ext/ApacheJMeter_mongodb.jar
7f65f5053000-7f65f5056000 r--s 0000f000 ca:01 39172                      /usr/share/jmeter/lib/ext/ApacheJMeter_mail.jar
7f65f5056000-7f65f5057000 r--s 0000b000 ca:01 39171                      /usr/share/jmeter/lib/ext/ApacheJMeter_ldap.jar
7f65f5057000-7f65f5058000 r--s 00005000 ca:01 39170                      /usr/share/jmeter/lib/ext/ApacheJMeter_junit.jar
7f65f5058000-7f65f5059000 r--s 00011000 ca:01 39169                      /usr/share/jmeter/lib/ext/ApacheJMeter_jms.jar
7f65f5059000-7f65f505b000 r--s 0000c000 ca:01 39168                      /usr/share/jmeter/lib/ext/ApacheJMeter_jdbc.jar
7f65f505b000-7f65f505d000 r--s 00009000 ca:01 39167                      /usr/share/jmeter/lib/ext/ApacheJMeter_java.jar
7f65f505d000-7f65f5064000 r--s 0006d000 ca:01 38818                      /usr/share/jmeter/lib/ext/ApacheJMeter_http.jar
7f65f5064000-7f65f5067000 r--s 00014000 ca:01 38296                      /usr/share/jmeter/lib/ext/ApacheJMeter_functions.jar
7f65f5067000-7f65f5068000 r--s 00003000 ca:01 39162                      /usr/share/jmeter/lib/ext/ApacheJMeter_ftp.jar
7f65f5068000-7f65f5081000 r--s 00160000 ca:01 38300                      /usr/share/jmeter/lib/ext/ApacheJMeter_core.jar
7f65f5081000-7f65f508b000 r--s 00087000 ca:01 38301                      /usr/share/jmeter/lib/ext/ApacheJMeter_components.jar
7f65f508b000-7f65f5099000 r--s 00079000 ca:01 39231                      /usr/share/jmeter/lib/xstream-1.4.9.jar
7f65f5099000-7f65f509b000 r--s 00005000 ca:01 39230                      /usr/share/jmeter/lib/xpp3_min-1.1.4c.jar
7f65f509b000-7f65f509c000 r--s 00001000 ca:01 39229                      /usr/share/jmeter/lib/xmlpull-1.1.3.1.jar
7f65f509c000-7f65f50a8000 r--s 00092000 ca:01 39228                      /usr/share/jmeter/lib/xmlgraphics-commons-2.1.jar
7f65f50a8000-7f65f50b1000 r--s 0002d000 ca:01 39227                      /usr/share/jmeter/lib/xml-apis-1.4.01.jar
7f65f50b1000-7f65f50ca000 r--s 00135000 ca:01 39226                      /usr/share/jmeter/lib/xercesImpl-2.11.0.jar
7f65f50ca000-7f65f50ef000 r--s 002de000 ca:01 39225                      /usr/share/jmeter/lib/xalan-2.7.2.jar
7f65f50ef000-7f65f50fc000 r--s 000c9000 ca:01 39224                      /usr/share/jmeter/lib/tika-parsers-1.14.jar
7f65f50fc000-7f65f5105000 r--s 0008f000 ca:01 39223                      /usr/share/jmeter/lib/tika-core-1.14.jar
7f65f5105000-7f65f5107000 r--s 00009000 ca:01 39222                      /usr/share/jmeter/lib/slf4j-api-1.7.21.jar
7f65f5107000-7f65f510b000 r--s 00040000 ca:01 39221                      /usr/share/jmeter/lib/serializer-2.7.2.jar
7f65f510b000-7f65f5116000 r--s 00109000 ca:01 39220                      /usr/share/jmeter/lib/rsyntaxtextarea-2.6.0.jar
7f65f5116000-7f65f5123000 r--s 00126000 ca:01 39219                      /usr/share/jmeter/lib/rhino-1.7.7.1.jar
7f65f5123000-7f65f5129000 r--s 00085000 ca:01 39218                      /usr/share/jmeter/lib/ph-css-4.1.6.jar
7f65f5129000-7f65f5155000 r--s 001a3000 ca:01 39217                      /usr/share/jmeter/lib/ph-commons-6.2.4.jar
7f65f5155000-7f65f5157000 r--s 0000e000 ca:01 39216                      /usr/share/jmeter/lib/oro-2.0.8.jar
7f65f5157000-7f65f515f000 r--s 0005f000 ca:01 39215                      /usr/share/jmeter/lib/mongo-java-driver-2.11.3.jar
7f65f515f000-7f65f5166000 r--s 00078000 ca:01 39214                      /usr/share/jmeter/lib/mail-1.5.0-b01.jar
7f65f5166000-7f65f5168000 r--s 00012000 ca:01 39213                      /usr/share/jmeter/lib/logkit-2.0.jar
7f65f5168000-7f65f5170000 r--s 00045000 ca:01 39212                      /usr/share/jmeter/lib/junit-4.12.jar
7f65f5170000-7f65f5174000 r--s 0003a000 ca:01 39211                      /usr/share/jmeter/lib/jtidy-r938.jar
7f65f5174000-7f65f517b000 r--s 0004e000 ca:01 39210                      /usr/share/jmeter/lib/jsoup-1.10.1.jar
7f65f517b000-7f65f517e000 r--s 0001b000 ca:01 39209                      /usr/share/jmeter/lib/json-smart-2.2.1.jar
7f65f517e000-7f65f5183000 r--s 0002e000 ca:01 39208                      /usr/share/jmeter/lib/json-path-2.2.0.jar
7f65f5183000-7f65f5186000 r--s 0001d000 ca:01 38294                      /usr/share/jmeter/lib/jorphan.jar
7f65f5186000-7f65f5187000 r--s 00006000 ca:01 39207                      /usr/share/jmeter/lib/jodd-props-3.7.1.jar
7f65f5187000-7f65f5188000 r--s 00003000 ca:01 39206                      /usr/share/jmeter/lib/jodd-log-3.7.1.jar
7f65f5188000-7f65f518d000 r--s 00032000 ca:01 39205                      /usr/share/jmeter/lib/jodd-lagarto-3.7.1.jar
7f65f518d000-7f65f5192000 r--s 0005a000 ca:01 39204                      /usr/share/jmeter/lib/jodd-core-3.7.1.jar
7f65f5192000-7f65f5196000 r--s 0001f000 ca:01 39203                      /usr/share/jmeter/lib/jcharts-0.7.5.jar
7f65f5196000-7f65f5198000 r--s 00009000 ca:01 39202                      /usr/share/jmeter/lib/httpmime-4.5.2.jar
7f65f5198000-7f65f519f000 r--s 00049000 ca:01 39201                      /usr/share/jmeter/lib/httpcore-4.4.5.jar
7f65f519f000-7f65f51ac000 r--s 000a7000 ca:01 39200                      /usr/share/jmeter/lib/httpclient-4.5.2.jar
7f65f51ac000-7f65f51ae000 r--s 00009000 ca:01 39199                      /usr/share/jmeter/lib/hamcrest-core-1.3.jar
7f65f51ae000-7f65f521e000 r--s 00641000 ca:01 39198                      /usr/share/jmeter/lib/groovy-all-2.4.7.jar
7f65f521e000-7f65f5220000 r--s 00006000 ca:01 39197                      /usr/share/jmeter/lib/geronimo-jms_1.1_spec-1.1.1.jar
7f65f5220000-7f65f5238000 r--s 00132000 ca:01 39196                      /usr/share/jmeter/lib/freemarker-2.3.23.jar
7f65f5238000-7f65f523a000 r--s 00011000 ca:01 39195                      /usr/share/jmeter/lib/excalibur-logger-1.1.jar
7f65f523a000-7f65f523f000 r--s 00047000 ca:01 39194                      /usr/share/jmeter/lib/dnsjava-2.1.7.jar
7f65f523f000-7f65f5242000 r--s 00019000 ca:01 39193                      /usr/share/jmeter/lib/commons-pool2-2.4.2.jar
7f65f5242000-7f65f5248000 r--s 00045000 ca:01 39192                      /usr/share/jmeter/lib/commons-net-3.5.jar
7f65f5248000-7f65f526f000 r--s 001f6000 ca:01 39191                      /usr/share/jmeter/lib/commons-math3-3.6.1.jar
7f65f526f000-7f65f5271000 r--s 0000e000 ca:01 39190                      /usr/share/jmeter/lib/commons-logging-1.2.jar
7f65f5271000-7f65f5279000 r--s 0006e000 ca:01 39189                      /usr/share/jmeter/lib/commons-lang3-3.5.jar
7f65f5279000-7f65f5280000 r--s 00057000 ca:01 39188                      /usr/share/jmeter/lib/commons-jexl3-3.0.jar
7f65f5280000-7f65f5286000 r--s 0003c000 ca:01 39187                      /usr/share/jmeter/lib/commons-jexl-2.1.1.jar
7f65f5286000-7f65f528a000 r--s 0002f000 ca:01 39186                      /usr/share/jmeter/lib/commons-io-2.5.jar
7f65f528a000-7f65f5290000 r--s 00045000 ca:01 39185                      /usr/share/jmeter/lib/commons-httpclient-3.1.jar
7f65f5290000-7f65f5293000 r--s 00028000 ca:01 39184                      /usr/share/jmeter/lib/commons-dbcp2-2.1.1.jar
7f65f5293000-7f65f52a0000 r--s 00083000 ca:01 39183                      /usr/share/jmeter/lib/commons-collections-3.2.2.jar
7f65f52a0000-7f65f52a7000 r--s 0003f000 ca:01 39182                      /usr/share/jmeter/lib/commons-codec-1.10.jar
7f65f52a7000-7f65f52ac000 r--s 00059000 ca:01 39181                      /usr/share/jmeter/lib/bsh-2.0b5.jar
7f65f52ac000-7f65f52af000 r--s 00019000 ca:01 39180                      /usr/share/jmeter/lib/bsf-2.4.0.jar
7f65f52af000-7f65f52b2000 r--s 0000f000 ca:01 39179                      /usr/share/jmeter/lib/avalon-framework-4.1.4.jar
7f65f52b2000-7f65f52b4000 r--s 0000c000 ca:01 39178                      /usr/share/jmeter/lib/asm-5.1.jar
7f65f52b4000-7f65f52b6000 r--s 00012000 ca:01 39177                      /usr/share/jmeter/lib/accessors-smart-1.1.jar
7f65f52b6000-7f65f52b8000 r--s 00001000 ca:01 39176                      /usr/share/jmeter/lib/ApacheJMeter_slf4j_logkit.jar
7f65f52b8000-7f65f52ba000 r--s 00002000 ca:01 38284                      /usr/share/jmeter/bin/ApacheJMeter.jar
7f65f52ba000-7f65f52d5000 r--s 001d6000 ca:01 149298                     /usr/lib/jvm/java-8-openjdk-amd64/jre/lib/ext/nashorn.jar
7f65f52d5000-7f65f52f0000 r--s 00394000 ca:01 149301                     /usr/lib/jvm/java-8-openjdk-amd64/jre/lib/ext/cldrdata.jar
7f65f52f0000-7f65f52f1000 ---p 00000000 00:00 0 
7f65f52f1000-7f65f53f1000 rw-p 00000000 00:00 0 
7f65f53f1000-7f65f53f4000 ---p 00000000 00:00 0 
7f65f53f4000-7f65f54f2000 rw-p 00000000 00:00 0 
7f65f54f2000-7f65f54f5000 ---p 00000000 00:00 0 
7f65f54f5000-7f65f55f3000 rw-p 00000000 00:00 0 
7f65f55f3000-7f65f55f6000 ---p 00000000 00:00 0 
7f65f55f6000-7f65f56f4000 rw-p 00000000 00:00 0 
7f65f56f4000-7f65f56f7000 ---p 00000000 00:00 0 
7f65f56f7000-7f65f57f5000 rw-p 00000000 00:00 0 
7f65f57f5000-7f65f598d000 r--p 00000000 ca:01 2263                       /usr/lib/locale/locale-archive
7f65f598d000-7f65f5990000 ---p 00000000 00:00 0 
7f65f5990000-7f65f5a8e000 rw-p 00000000 00:00 0 
7f65f5a8e000-7f65f5a91000 ---p 00000000 00:00 0 
7f65f5a91000-7f65f5b8f000 rw-p 00000000 00:00 0 
7f65f5b8f000-7f65f5b90000 ---p 00000000 00:00 0 
7f65f5b90000-7f65f5cdd000 rw-p 00000000 00:00 0 
7f65f5cdd000-7f65f5eab000 r--s 03c06000 ca:01 149312                     /usr/lib/jvm/java-8-openjdk-amd64/jre/lib/rt.jar
7f65f5eab000-7f65f67a4000 rw-p 00000000 00:00 0 
7f65f67a4000-7f65f67ef000 rw-p 00000000 00:00 0 
7f65f67ef000-7f65f6b64000 ---p 00000000 00:00 0 
7f65f6b64000-7f65f6b6c000 r-xp 00000000 ca:01 149255                     /usr/lib/jvm/java-8-openjdk-amd64/jre/lib/amd64/libzip.so
7f65f6b6c000-7f65f6d6b000 ---p 00008000 ca:01 149255                     /usr/lib/jvm/java-8-openjdk-amd64/jre/lib/amd64/libzip.so
7f65f6d6b000-7f65f6d6c000 r--p 00007000 ca:01 149255                     /usr/lib/jvm/java-8-openjdk-amd64/jre/lib/amd64/libzip.so
7f65f6d6c000-7f65f6d6d000 rw-p 00008000 ca:01 149255                     /usr/lib/jvm/java-8-openjdk-amd64/jre/lib/amd64/libzip.so
7f65f6d6d000-7f65f6d78000 r-xp 00000000 ca:01 399238                     /lib/x86_64-linux-gnu/libnss_files-2.23.so
7f65f6d78000-7f65f6f77000 ---p 0000b000 ca:01 399238                     /lib/x86_64-linux-gnu/libnss_files-2.23.so
7f65f6f77000-7f65f6f78000 r--p 0000a000 ca:01 399238                     /lib/x86_64-linux-gnu/libnss_files-2.23.so
7f65f6f78000-7f65f6f79000 rw-p 0000b000 ca:01 399238                     /lib/x86_64-linux-gnu/libnss_files-2.23.so
7f65f6f79000-7f65f6f7f000 rw-p 00000000 00:00 0 
7f65f6f7f000-7f65f6f8a000 r-xp 00000000 ca:01 399231                     /lib/x86_64-linux-gnu/libnss_nis-2.23.so
7f65f6f8a000-7f65f7189000 ---p 0000b000 ca:01 399231                     /lib/x86_64-linux-gnu/libnss_nis-2.23.so
7f65f7189000-7f65f718a000 r--p 0000a000 ca:01 399231                     /lib/x86_64-linux-gnu/libnss_nis-2.23.so
7f65f718a000-7f65f718b000 rw-p 0000b000 ca:01 399231                     /lib/x86_64-linux-gnu/libnss_nis-2.23.so
7f65f718b000-7f65f71a1000 r-xp 00000000 ca:01 399233                     /lib/x86_64-linux-gnu/libnsl-2.23.so
7f65f71a1000-7f65f73a0000 ---p 00016000 ca:01 399233                     /lib/x86_64-linux-gnu/libnsl-2.23.so
7f65f73a0000-7f65f73a1000 r--p 00015000 ca:01 399233                     /lib/x86_64-linux-gnu/libnsl-2.23.so
7f65f73a1000-7f65f73a2000 rw-p 00016000 ca:01 399233                     /lib/x86_64-linux-gnu/libnsl-2.23.so
7f65f73a2000-7f65f73a4000 rw-p 00000000 00:00 0 
7f65f73a4000-7f65f73ac000 r-xp 00000000 ca:01 399240                     /lib/x86_64-linux-gnu/libnss_compat-2.23.so
7f65f73ac000-7f65f75ab000 ---p 00008000 ca:01 399240                     /lib/x86_64-linux-gnu/libnss_compat-2.23.so
7f65f75ab000-7f65f75ac000 r--p 00007000 ca:01 399240                     /lib/x86_64-linux-gnu/libnss_compat-2.23.so
7f65f75ac000-7f65f75ad000 rw-p 00008000 ca:01 399240                     /lib/x86_64-linux-gnu/libnss_compat-2.23.so
7f65f75ad000-7f65f75da000 r-xp 00000000 ca:01 149282                     /usr/lib/jvm/java-8-openjdk-amd64/jre/lib/amd64/libjava.so
7f65f75da000-7f65f77d9000 ---p 0002d000 ca:01 149282                     /usr/lib/jvm/java-8-openjdk-amd64/jre/lib/amd64/libjava.so
7f65f77d9000-7f65f77da000 r--p 0002c000 ca:01 149282                     /usr/lib/jvm/java-8-openjdk-amd64/jre/lib/amd64/libjava.so
7f65f77da000-7f65f77dc000 rw-p 0002d000 ca:01 149282                     /usr/lib/jvm/java-8-openjdk-amd64/jre/lib/amd64/libjava.so
7f65f77dc000-7f65f77eb000 r-xp 00000000 ca:01 149248                     /usr/lib/jvm/java-8-openjdk-amd64/jre/lib/amd64/libverify.so
7f65f77eb000-7f65f79ea000 ---p 0000f000 ca:01 149248                     /usr/lib/jvm/java-8-openjdk-amd64/jre/lib/amd64/libverify.so
7f65f79ea000-7f65f79ec000 r--p 0000e000 ca:01 149248                     /usr/lib/jvm/java-8-openjdk-amd64/jre/lib/amd64/libverify.so
7f65f79ec000-7f65f79ed000 rw-p 00010000 ca:01 149248                     /usr/lib/jvm/java-8-openjdk-amd64/jre/lib/amd64/libverify.so
7f65f79ed000-7f65f79f4000 r-xp 00000000 ca:01 399241                     /lib/x86_64-linux-gnu/librt-2.23.so
7f65f79f4000-7f65f7bf3000 ---p 00007000 ca:01 399241                     /lib/x86_64-linux-gnu/librt-2.23.so
7f65f7bf3000-7f65f7bf4000 r--p 00006000 ca:01 399241                     /lib/x86_64-linux-gnu/librt-2.23.so
7f65f7bf4000-7f65f7bf5000 rw-p 00007000 ca:01 399241                     /lib/x86_64-linux-gnu/librt-2.23.so
7f65f7bf5000-7f65f7c0b000 r-xp 00000000 ca:01 396911                     /lib/x86_64-linux-gnu/libgcc_s.so.1
7f65f7c0b000-7f65f7e0a000 ---p 00016000 ca:01 396911                     /lib/x86_64-linux-gnu/libgcc_s.so.1
7f65f7e0a000-7f65f7e0b000 rw-p 00015000 ca:01 396911                     /lib/x86_64-linux-gnu/libgcc_s.so.1
7f65f7e0b000-7f65f7f13000 r-xp 00000000 ca:01 399232                     /lib/x86_64-linux-gnu/libm-2.23.so
7f65f7f13000-7f65f8112000 ---p 00108000 ca:01 399232                     /lib/x86_64-linux-gnu/libm-2.23.so
7f65f8112000-7f65f8113000 r--p 00107000 ca:01 399232                     /lib/x86_64-linux-gnu/libm-2.23.so
7f65f8113000-7f65f8114000 rw-p 00108000 ca:01 399232                     /lib/x86_64-linux-gnu/libm-2.23.so
7f65f8114000-7f65f8286000 r-xp 00000000 ca:01 5390                       /usr/lib/x86_64-linux-gnu/libstdc++.so.6.0.21
7f65f8286000-7f65f8486000 ---p 00172000 ca:01 5390                       /usr/lib/x86_64-linux-gnu/libstdc++.so.6.0.21
7f65f8486000-7f65f8490000 r--p 00172000 ca:01 5390                       /usr/lib/x86_64-linux-gnu/libstdc++.so.6.0.21
7f65f8490000-7f65f8492000 rw-p 0017c000 ca:01 5390                       /usr/lib/x86_64-linux-gnu/libstdc++.so.6.0.21
7f65f8492000-7f65f8496000 rw-p 00000000 00:00 0 
7f65f8496000-7f65f90e6000 r-xp 00000000 ca:01 149277                     /usr/lib/jvm/java-8-openjdk-amd64/jre/lib/amd64/server/libjvm.so
7f65f90e6000-7f65f92e5000 ---p 00c50000 ca:01 149277                     /usr/lib/jvm/java-8-openjdk-amd64/jre/lib/amd64/server/libjvm.so
7f65f92e5000-7f65f9378000 r--p 00c4f000 ca:01 149277                     /usr/lib/jvm/java-8-openjdk-amd64/jre/lib/amd64/server/libjvm.so
7f65f9378000-7f65f93a1000 rw-p 00ce2000 ca:01 149277                     /usr/lib/jvm/java-8-openjdk-amd64/jre/lib/amd64/server/libjvm.so
7f65f93a1000-7f65f93d1000 rw-p 00000000 00:00 0 
7f65f93d1000-7f65f93e9000 r-xp 00000000 ca:01 399245                     /lib/x86_64-linux-gnu/libpthread-2.23.so
7f65f93e9000-7f65f95e8000 ---p 00018000 ca:01 399245                     /lib/x86_64-linux-gnu/libpthread-2.23.so
7f65f95e8000-7f65f95e9000 r--p 00017000 ca:01 399245                     /lib/x86_64-linux-gnu/libpthread-2.23.so
7f65f95e9000-7f65f95ea000 rw-p 00018000 ca:01 399245                     /lib/x86_64-linux-gnu/libpthread-2.23.so
7f65f95ea000-7f65f95ee000 rw-p 00000000 00:00 0 
7f65f95ee000-7f65f95f1000 r-xp 00000000 ca:01 399230                     /lib/x86_64-linux-gnu/libdl-2.23.so
7f65f95f1000-7f65f97f0000 ---p 00003000 ca:01 399230                     /lib/x86_64-linux-gnu/libdl-2.23.so
7f65f97f0000-7f65f97f1000 r--p 00002000 ca:01 399230                     /lib/x86_64-linux-gnu/libdl-2.23.so
7f65f97f1000-7f65f97f2000 rw-p 00003000 ca:01 399230                     /lib/x86_64-linux-gnu/libdl-2.23.so
7f65f97f2000-7f65f980b000 r-xp 00000000 ca:01 396982                     /lib/x86_64-linux-gnu/libz.so.1.2.8
7f65f980b000-7f65f9a0a000 ---p 00019000 ca:01 396982                     /lib/x86_64-linux-gnu/libz.so.1.2.8
7f65f9a0a000-7f65f9a0b000 r--p 00018000 ca:01 396982                     /lib/x86_64-linux-gnu/libz.so.1.2.8
7f65f9a0b000-7f65f9a0c000 rw-p 00019000 ca:01 396982                     /lib/x86_64-linux-gnu/libz.so.1.2.8
7f65f9a0c000-7f65f9bcb000 r-xp 00000000 ca:01 399234                     /lib/x86_64-linux-gnu/libc-2.23.so
7f65f9bcb000-7f65f9dcb000 ---p 001bf000 ca:01 399234                     /lib/x86_64-linux-gnu/libc-2.23.so
7f65f9dcb000-7f65f9dcf000 r--p 001bf000 ca:01 399234                     /lib/x86_64-linux-gnu/libc-2.23.so
7f65f9dcf000-7f65f9dd1000 rw-p 001c3000 ca:01 399234                     /lib/x86_64-linux-gnu/libc-2.23.so
7f65f9dd1000-7f65f9dd5000 rw-p 00000000 00:00 0 
7f65f9dd5000-7f65f9de2000 r-xp 00000000 ca:01 149271                     /usr/lib/jvm/java-8-openjdk-amd64/jre/lib/amd64/jli/libjli.so
7f65f9de2000-7f65f9fe2000 ---p 0000d000 ca:01 149271                     /usr/lib/jvm/java-8-openjdk-amd64/jre/lib/amd64/jli/libjli.so
7f65f9fe2000-7f65f9fe3000 r--p 0000d000 ca:01 149271                     /usr/lib/jvm/java-8-openjdk-amd64/jre/lib/amd64/jli/libjli.so
7f65f9fe3000-7f65f9fe4000 rw-p 0000e000 ca:01 149271                     /usr/lib/jvm/java-8-openjdk-amd64/jre/lib/amd64/jli/libjli.so
7f65f9fe4000-7f65fa00a000 r-xp 00000000 ca:01 399235                     /lib/x86_64-linux-gnu/ld-2.23.so
7f65fa00a000-7f65fa00b000 r--s 00001000 ca:01 38293                      /usr/share/jmeter/lib/bshclient.jar
7f65fa00b000-7f65fa00c000 r--s 0000a000 ca:01 149306                     /usr/lib/jvm/java-8-openjdk-amd64/jre/lib/ext/jaccess.jar
7f65fa00c000-7f65fa011000 r--s 0003b000 ca:01 149305                     /usr/lib/jvm/java-8-openjdk-amd64/jre/lib/ext/sunjce_provider.jar
7f65fa011000-7f65fa015000 r--s 00037000 ca:01 149303                     /usr/lib/jvm/java-8-openjdk-amd64/jre/lib/ext/sunpkcs11.jar
7f65fa015000-7f65fa017000 r--s 00001000 ca:01 149299                     /usr/lib/jvm/java-8-openjdk-amd64/jre/lib/ext/dnsns.jar
7f65fa017000-7f65fa021000 r--s 00116000 ca:01 149304                     /usr/lib/jvm/java-8-openjdk-amd64/jre/lib/ext/localedata.jar
7f65fa021000-7f65fa024000 r--s 0000f000 ca:01 149300                     /usr/lib/jvm/java-8-openjdk-amd64/jre/lib/ext/icedtea-sound.jar
7f65fa024000-7f65fa026000 r--s 00008000 ca:01 149297                     /usr/lib/jvm/java-8-openjdk-amd64/jre/lib/ext/sunec.jar
7f65fa026000-7f65fa052000 rw-p 00000000 00:00 0 
7f65fa052000-7f65fa079000 ---p 00000000 00:00 0 
7f65fa079000-7f65fa090000 rw-p 00000000 00:00 0 
7f65fa090000-7f65fa0a2000 ---p 00000000 00:00 0 
7f65fa0a2000-7f65fa0cf000 rw-p 00000000 00:00 0 
7f65fa0cf000-7f65fa0f5000 ---p 00000000 00:00 0 
7f65fa0f5000-7f65fa0f6000 rw-p 00000000 00:00 0 
7f65fa0f6000-7f65fa0f9000 ---p 00000000 00:00 0 
7f65fa0f9000-7f65fa1fc000 rw-p 00000000 00:00 0 
7f65fa1fc000-7f65fa1fd000 r--s 00010000 ca:01 149302                     /usr/lib/jvm/java-8-openjdk-amd64/jre/lib/ext/zipfs.jar
7f65fa1fd000-7f65fa205000 rw-s 00000000 ca:01 10449                      /tmp/hsperfdata_ubuntu/27778
7f65fa205000-7f65fa206000 rw-p 00000000 00:00 0 
7f65fa206000-7f65fa207000 ---p 00000000 00:00 0 
7f65fa207000-7f65fa209000 rw-p 00000000 00:00 0 
7f65fa209000-7f65fa20a000 r--p 00025000 ca:01 399235                     /lib/x86_64-linux-gnu/ld-2.23.so
7f65fa20a000-7f65fa20b000 rw-p 00026000 ca:01 399235                     /lib/x86_64-linux-gnu/ld-2.23.so
7f65fa20b000-7f65fa20c000 rw-p 00000000 00:00 0 
7ffdb1ff6000-7ffdb2017000 rw-p 00000000 00:00 0                          [stack]
7ffdb2101000-7ffdb2103000 r--p 00000000 00:00 0                          [vvar]
7ffdb2103000-7ffdb2105000 r-xp 00000000 00:00 0                          [vdso]
ffffffffff600000-ffffffffff601000 r-xp 00000000 00:00 0                  [vsyscall]

VM Arguments:
jvm_args: -Djmeter.home=/usr/share/jmeter 
java_command: org.apache.jmeter.NewDriver -t Test_Plan.jmx
java_class_path (initial): /usr/share/jmeter/bin/ApacheJMeter.jar
Launcher Type: SUN_STANDARD

Environment Variables:
JAVA_HOME=/usr/lib/jvm/default-java
PATH=/home/ubuntu/bin:/home/ubuntu/.local/bin:/usr/local/sbin:/usr/local/bin:/usr/sbin:/usr/bin:/sbin:/bin:/usr/games:/usr/local/games:/snap/bin
SHELL=/bin/bash
DISPLAY=localhost:10.0

Signal Handlers:
SIGSEGV: [libjvm.so+0xa66fd0], sa_mask[0]=11111111011111111101111111111110, sa_flags=SA_RESTART|SA_SIGINFO
SIGBUS: [libjvm.so+0xa66fd0], sa_mask[0]=11111111011111111101111111111110, sa_flags=SA_RESTART|SA_SIGINFO
SIGFPE: [libjvm.so+0x8b0180], sa_mask[0]=11111111011111111101111111111110, sa_flags=SA_RESTART|SA_SIGINFO
SIGPIPE: [libjvm.so+0x8b0180], sa_mask[0]=11111111011111111101111111111110, sa_flags=SA_RESTART|SA_SIGINFO
SIGXFSZ: [libjvm.so+0x8b0180], sa_mask[0]=11111111011111111101111111111110, sa_flags=SA_RESTART|SA_SIGINFO
SIGILL: [libjvm.so+0x8b0180], sa_mask[0]=11111111011111111101111111111110, sa_flags=SA_RESTART|SA_SIGINFO
SIGUSR1: SIG_DFL, sa_mask[0]=00000000000000000000000000000000, sa_flags=none
SIGUSR2: [libjvm.so+0x8b0030], sa_mask[0]=00000000000000000000000000000000, sa_flags=SA_RESTART|SA_SIGINFO
SIGHUP: [libjvm.so+0x8b0500], sa_mask[0]=11111111011111111101111111111110, sa_flags=SA_RESTART|SA_SIGINFO
SIGINT: [libjvm.so+0x8b0500], sa_mask[0]=11111111011111111101111111111110, sa_flags=SA_RESTART|SA_SIGINFO
SIGTERM: [libjvm.so+0x8b0500], sa_mask[0]=11111111011111111101111111111110, sa_flags=SA_RESTART|SA_SIGINFO
SIGQUIT: [libjvm.so+0x8b0500], sa_mask[0]=11111111011111111101111111111110, sa_flags=SA_RESTART|SA_SIGINFO


---------------  S Y S T E M  ---------------

OS:DISTRIB_ID=Ubuntu
DISTRIB_RELEASE=16.04
DISTRIB_CODENAME=xenial
DISTRIB_DESCRIPTION="Ubuntu 16.04.2 LTS"

uname:Linux 4.4.0-64-generic #85-Ubuntu SMP Mon Feb 20 11:50:30 UTC 2017 x86_64
libc:glibc 2.23 NPTL 2.23 
rlimit: STACK 8192k, CORE 0k, NPROC 3906, NOFILE 65536, AS infinity
load average:2.41 0.69 0.27

/proc/meminfo:
MemTotal:        1014372 kB
MemFree:            9784 kB
MemAvailable:      40292 kB
Buffers:            5096 kB
Cached:            50952 kB
SwapCached:            0 kB
Active:           895312 kB
Inactive:          29868 kB
Active(anon):     876244 kB
Inactive(anon):    16740 kB
Active(file):      19068 kB
Inactive(file):    13128 kB
Unevictable:        3656 kB
Mlocked:            3656 kB
SwapTotal:             0 kB
SwapFree:              0 kB
Dirty:               108 kB
Writeback:             0 kB
AnonPages:        872800 kB
Mapped:            28328 kB
Shmem:             21400 kB
Slab:              39600 kB
SReclaimable:      17752 kB
SUnreclaim:        21848 kB
KernelStack:        7360 kB
PageTables:        10276 kB
NFS_Unstable:          0 kB
Bounce:                0 kB
WritebackTmp:          0 kB
CommitLimit:      507184 kB
Committed_AS:    2603548 kB
VmallocTotal:   34359738367 kB
VmallocUsed:           0 kB
VmallocChunk:          0 kB
HardwareCorrupted:     0 kB
AnonHugePages:    391168 kB
CmaTotal:              0 kB
CmaFree:               0 kB
HugePages_Total:       0
HugePages_Free:        0
HugePages_Rsvd:        0
HugePages_Surp:        0
Hugepagesize:       2048 kB
DirectMap4k:       51200 kB
DirectMap2M:     1128448 kB


CPU:total 1 (1 cores per cpu, 1 threads per core) family 6 model 63 stepping 2, cmov, cx8, fxsr, mmx, sse, sse2, sse3, ssse3, sse4.1, sse4.2, popcnt, avx, avx2, aes, clmul, erms, lzcnt, tsc, bmi1, bmi2

/proc/cpuinfo:
processor	: 0
vendor_id	: GenuineIntel
cpu family	: 6
model		: 63
model name	: Intel(R) Xeon(R) CPU E5-2676 v3 @ 2.40GHz
stepping	: 2
microcode	: 0x25
cpu MHz		: 2400.078
cache size	: 30720 KB
physical id	: 0
siblings	: 1
core id		: 0
cpu cores	: 1
apicid		: 0
initial apicid	: 0
fpu		: yes
fpu_exception	: yes
cpuid level	: 13
wp		: yes
flags		: fpu vme de pse tsc msr pae mce cx8 apic sep mtrr pge mca cmov pat pse36 clflush mmx fxsr sse sse2 ht syscall nx rdtscp lm constant_tsc rep_good nopl xtopology eagerfpu pni pclmulqdq ssse3 fma cx16 pcid sse4_1 sse4_2 x2apic movbe popcnt tsc_deadline_timer aes xsave avx f16c rdrand hypervisor lahf_lm abm fsgsbase bmi1 avx2 smep bmi2 erms invpcid xsaveopt
bugs		:
bogomips	: 4800.15
clflush size	: 64
cache_alignment	: 64
address sizes	: 46 bits physical, 48 bits virtual
power management:



Memory: 4k page, physical 1014372k(9784k free), swap 0k(0k free)

vm_info: OpenJDK 64-Bit Server VM (25.121-b13) for linux-amd64 JRE (1.8.0_121-8u121-b13-0ubuntu1.16.04.2-b13), built on Jan 23 2017 15:51:29 by "buildd" with gcc 5.4.0 20160609

time: Fri May  5 19:43:50 2017
elapsed time: 259 seconds (0d 0h 4m 19s)

